::1 - - [15/Sep/2020:05:36:48 +0000] "POST /login HTTP/1.1" 200 349 "http://localhost:8080/" "Mozilla/5.0 (Windows NT 10.0; Win64; x64) AppleWebKit/537.36 (KHTML, like Gecko) Chrome/85.0.4183.102 Safari/537.36"
::1 - - [15/Sep/2020:05:36:49 +0000] "POST /teacher HTTP/1.1" 200 387 "http://localhost:8080/teacher/4288" "Mozilla/5.0 (Windows NT 10.0; Win64; x64) AppleWebKit/537.36 (KHTML, like Gecko) Chrome/85.0.4183.102 Safari/537.36"
::1 - - [15/Sep/2020:05:36:56 +0000] "POST /groups HTTP/1.1" 200 187 "http://localhost:8080/teacher/4288" "Mozilla/5.0 (Windows NT 10.0; Win64; x64) AppleWebKit/537.36 (KHTML, like Gecko) Chrome/85.0.4183.102 Safari/537.36"
::1 - - [15/Sep/2020:05:36:56 +0000] "POST /groupstudents HTTP/1.1" 200 381 "http://localhost:8080/group" "Mozilla/5.0 (Windows NT 10.0; Win64; x64) AppleWebKit/537.36 (KHTML, like Gecko) Chrome/85.0.4183.102 Safari/537.36"
::1 - - [15/Sep/2020:05:36:58 +0000] "GET /searchstudent?value=%D0%91 HTTP/1.1" 200 633 "http://localhost:8080/group" "Mozilla/5.0 (Windows NT 10.0; Win64; x64) AppleWebKit/537.36 (KHTML, like Gecko) Chrome/85.0.4183.102 Safari/537.36"
::1 - - [15/Sep/2020:05:36:58 +0000] "GET /searchstudent?value=%D0%91 HTTP/1.1" 304 - "http://localhost:8080/group" "Mozilla/5.0 (Windows NT 10.0; Win64; x64) AppleWebKit/537.36 (KHTML, like Gecko) Chrome/85.0.4183.102 Safari/537.36"
::1 - - [15/Sep/2020:05:36:59 +0000] "GET /searchstudent?value=%D0%91%D0%B0 HTTP/1.1" 200 649 "http://localhost:8080/group" "Mozilla/5.0 (Windows NT 10.0; Win64; x64) AppleWebKit/537.36 (KHTML, like Gecko) Chrome/85.0.4183.102 Safari/537.36"
::1 - - [15/Sep/2020:05:36:59 +0000] "GET /searchstudent?value=%D0%91%D0%B0%D0%BA HTTP/1.1" 200 659 "http://localhost:8080/group" "Mozilla/5.0 (Windows NT 10.0; Win64; x64) AppleWebKit/537.36 (KHTML, like Gecko) Chrome/85.0.4183.102 Safari/537.36"
::1 - - [15/Sep/2020:05:37:01 +0000] "GET /searchstudent?value=%D0%91%D0%B0%D0%BA%D1%8B HTTP/1.1" 200 384 "http://localhost:8080/group" "Mozilla/5.0 (Windows NT 10.0; Win64; x64) AppleWebKit/537.36 (KHTML, like Gecko) Chrome/85.0.4183.102 Safari/537.36"
::1 - - [15/Sep/2020:05:37:01 +0000] "GET /searchstudent?value=%D0%91%D0%B0%D0%BA%D1%8B%D1%82 HTTP/1.1" 200 384 "http://localhost:8080/group" "Mozilla/5.0 (Windows NT 10.0; Win64; x64) AppleWebKit/537.36 (KHTML, like Gecko) Chrome/85.0.4183.102 Safari/537.36"
::1 - - [15/Sep/2020:05:37:02 +0000] "GET /searchstudent?value=%D0%91%D0%B0%D0%BA%D1%8B%D1%82%D1%83 HTTP/1.1" 200 125 "http://localhost:8080/group" "Mozilla/5.0 (Windows NT 10.0; Win64; x64) AppleWebKit/537.36 (KHTML, like Gecko) Chrome/85.0.4183.102 Safari/537.36"
::1 - - [15/Sep/2020:05:37:02 +0000] "GET /searchstudent?value=%D0%91%D0%B0%D0%BA%D1%8B%D1%82%D1%83%D0%BB HTTP/1.1" 200 125 "http://localhost:8080/group" "Mozilla/5.0 (Windows NT 10.0; Win64; x64) AppleWebKit/537.36 (KHTML, like Gecko) Chrome/85.0.4183.102 Safari/537.36"
::1 - - [15/Sep/2020:05:37:05 +0000] "POST /student HTTP/1.1" 200 5 "http://localhost:8080/group" "Mozilla/5.0 (Windows NT 10.0; Win64; x64) AppleWebKit/537.36 (KHTML, like Gecko) Chrome/85.0.4183.102 Safari/537.36"
::1 - - [15/Sep/2020:05:37:05 +0000] "POST /addtogroup HTTP/1.1" 200 29 "http://localhost:8080/group" "Mozilla/5.0 (Windows NT 10.0; Win64; x64) AppleWebKit/537.36 (KHTML, like Gecko) Chrome/85.0.4183.102 Safari/537.36"
::1 - - [15/Sep/2020:05:37:11 +0000] "POST /groupstudents HTTP/1.1" 200 381 "http://localhost:8080/group" "Mozilla/5.0 (Windows NT 10.0; Win64; x64) AppleWebKit/537.36 (KHTML, like Gecko) Chrome/85.0.4183.102 Safari/537.36"
::1 - - [15/Sep/2020:05:37:17 +0000] "GET /searchstudent?value=%D0%91 HTTP/1.1" 304 - "http://localhost:8080/group" "Mozilla/5.0 (Windows NT 10.0; Win64; x64) AppleWebKit/537.36 (KHTML, like Gecko) Chrome/85.0.4183.102 Safari/537.36"
::1 - - [15/Sep/2020:05:37:17 +0000] "GET /searchstudent?value=%D0%91 HTTP/1.1" 304 - "http://localhost:8080/group" "Mozilla/5.0 (Windows NT 10.0; Win64; x64) AppleWebKit/537.36 (KHTML, like Gecko) Chrome/85.0.4183.102 Safari/537.36"
::1 - - [15/Sep/2020:05:37:17 +0000] "GET /searchstudent?value=%D0%91%D0%BE HTTP/1.1" 200 605 "http://localhost:8080/group" "Mozilla/5.0 (Windows NT 10.0; Win64; x64) AppleWebKit/537.36 (KHTML, like Gecko) Chrome/85.0.4183.102 Safari/537.36"
::1 - - [15/Sep/2020:05:37:18 +0000] "GET /searchstudent?value=%D0%91%D0%BE%D0%BB HTTP/1.1" 200 598 "http://localhost:8080/group" "Mozilla/5.0 (Windows NT 10.0; Win64; x64) AppleWebKit/537.36 (KHTML, like Gecko) Chrome/85.0.4183.102 Safari/537.36"
::1 - - [15/Sep/2020:05:37:18 +0000] "GET /searchstudent?value=%D0%91%D0%BE%D0%BB%D0%B0 HTTP/1.1" 200 598 "http://localhost:8080/group" "Mozilla/5.0 (Windows NT 10.0; Win64; x64) AppleWebKit/537.36 (KHTML, like Gecko) Chrome/85.0.4183.102 Safari/537.36"
::1 - - [15/Sep/2020:05:37:18 +0000] "GET /searchstudent?value=%D0%91%D0%BE%D0%BB%D0%B0%D1%82 HTTP/1.1" 200 598 "http://localhost:8080/group" "Mozilla/5.0 (Windows NT 10.0; Win64; x64) AppleWebKit/537.36 (KHTML, like Gecko) Chrome/85.0.4183.102 Safari/537.36"
::1 - - [15/Sep/2020:05:37:18 +0000] "GET /searchstudent?value=%D0%91%D0%BE%D0%BB%D0%B0%D1%82%D0%BE HTTP/1.1" 200 252 "http://localhost:8080/group" "Mozilla/5.0 (Windows NT 10.0; Win64; x64) AppleWebKit/537.36 (KHTML, like Gecko) Chrome/85.0.4183.102 Safari/537.36"
::1 - - [15/Sep/2020:05:37:18 +0000] "GET /searchstudent?value=%D0%91%D0%BE%D0%BB%D0%B0%D1%82%D0%BE%D0%B2 HTTP/1.1" 200 252 "http://localhost:8080/group" "Mozilla/5.0 (Windows NT 10.0; Win64; x64) AppleWebKit/537.36 (KHTML, like Gecko) Chrome/85.0.4183.102 Safari/537.36"
::1 - - [15/Sep/2020:05:37:18 +0000] "GET /searchstudent?value=%D0%91%D0%BE%D0%BB%D0%B0%D1%82%D0%BE%D0%B2%D0%B0 HTTP/1.1" 200 252 "http://localhost:8080/group" "Mozilla/5.0 (Windows NT 10.0; Win64; x64) AppleWebKit/537.36 (KHTML, like Gecko) Chrome/85.0.4183.102 Safari/537.36"
::1 - - [15/Sep/2020:05:37:21 +0000] "POST /student HTTP/1.1" 200 4 "http://localhost:8080/group" "Mozilla/5.0 (Windows NT 10.0; Win64; x64) AppleWebKit/537.36 (KHTML, like Gecko) Chrome/85.0.4183.102 Safari/537.36"
::1 - - [15/Sep/2020:05:37:22 +0000] "POST /addtogroup HTTP/1.1" 200 29 "http://localhost:8080/group" "Mozilla/5.0 (Windows NT 10.0; Win64; x64) AppleWebKit/537.36 (KHTML, like Gecko) Chrome/85.0.4183.102 Safari/537.36"
::1 - - [15/Sep/2020:05:41:22 +0000] "POST /groupstudents HTTP/1.1" 200 381 "http://localhost:8080/group" "Mozilla/5.0 (Windows NT 10.0; Win64; x64) AppleWebKit/537.36 (KHTML, like Gecko) Chrome/85.0.4183.102 Safari/537.36"
::1 - - [15/Sep/2020:05:41:43 +0000] "GET /searchstudent?value=, HTTP/1.1" 200 2 "http://localhost:8080/group" "Mozilla/5.0 (Windows NT 10.0; Win64; x64) AppleWebKit/537.36 (KHTML, like Gecko) Chrome/85.0.4183.102 Safari/537.36"
::1 - - [15/Sep/2020:05:41:43 +0000] "GET /searchstudent?value=, HTTP/1.1" 304 - "http://localhost:8080/group" "Mozilla/5.0 (Windows NT 10.0; Win64; x64) AppleWebKit/537.36 (KHTML, like Gecko) Chrome/85.0.4183.102 Safari/537.36"
::1 - - [15/Sep/2020:05:41:43 +0000] "GET /searchstudent?value= HTTP/1.1" 304 - "http://localhost:8080/group" "Mozilla/5.0 (Windows NT 10.0; Win64; x64) AppleWebKit/537.36 (KHTML, like Gecko) Chrome/85.0.4183.102 Safari/537.36"
::1 - - [15/Sep/2020:05:41:44 +0000] "GET /searchstudent?value=%D0%91 HTTP/1.1" 304 - "http://localhost:8080/group" "Mozilla/5.0 (Windows NT 10.0; Win64; x64) AppleWebKit/537.36 (KHTML, like Gecko) Chrome/85.0.4183.102 Safari/537.36"
::1 - - [15/Sep/2020:05:41:44 +0000] "GET /searchstudent?value=%D0%91%D0%B0 HTTP/1.1" 304 - "http://localhost:8080/group" "Mozilla/5.0 (Windows NT 10.0; Win64; x64) AppleWebKit/537.36 (KHTML, like Gecko) Chrome/85.0.4183.102 Safari/537.36"
::1 - - [15/Sep/2020:05:41:45 +0000] "GET /searchstudent?value=%D0%91%D0%B0%D0%BA HTTP/1.1" 304 - "http://localhost:8080/group" "Mozilla/5.0 (Windows NT 10.0; Win64; x64) AppleWebKit/537.36 (KHTML, like Gecko) Chrome/85.0.4183.102 Safari/537.36"
::1 - - [15/Sep/2020:05:41:48 +0000] "POST /student HTTP/1.1" 200 4 "http://localhost:8080/group" "Mozilla/5.0 (Windows NT 10.0; Win64; x64) AppleWebKit/537.36 (KHTML, like Gecko) Chrome/85.0.4183.102 Safari/537.36"
::1 - - [15/Sep/2020:05:41:49 +0000] "POST /addtogroup HTTP/1.1" 200 29 "http://localhost:8080/group" "Mozilla/5.0 (Windows NT 10.0; Win64; x64) AppleWebKit/537.36 (KHTML, like Gecko) Chrome/85.0.4183.102 Safari/537.36"
::1 - - [15/Sep/2020:05:42:05 +0000] "GET /searchstudent?value=%D0%91 HTTP/1.1" 304 - "http://localhost:8080/group" "Mozilla/5.0 (Windows NT 10.0; Win64; x64) AppleWebKit/537.36 (KHTML, like Gecko) Chrome/85.0.4183.102 Safari/537.36"
::1 - - [15/Sep/2020:05:42:05 +0000] "GET /searchstudent?value=%D0%91 HTTP/1.1" 304 - "http://localhost:8080/group" "Mozilla/5.0 (Windows NT 10.0; Win64; x64) AppleWebKit/537.36 (KHTML, like Gecko) Chrome/85.0.4183.102 Safari/537.36"
::1 - - [15/Sep/2020:05:42:06 +0000] "GET /searchstudent?value=%D0%91%D0%BE HTTP/1.1" 304 - "http://localhost:8080/group" "Mozilla/5.0 (Windows NT 10.0; Win64; x64) AppleWebKit/537.36 (KHTML, like Gecko) Chrome/85.0.4183.102 Safari/537.36"
::1 - - [15/Sep/2020:05:42:06 +0000] "GET /searchstudent?value=%D0%91%D0%BE%D0%BB HTTP/1.1" 304 - "http://localhost:8080/group" "Mozilla/5.0 (Windows NT 10.0; Win64; x64) AppleWebKit/537.36 (KHTML, like Gecko) Chrome/85.0.4183.102 Safari/537.36"
::1 - - [15/Sep/2020:05:42:07 +0000] "GET /searchstudent?value=%D0%91%D0%BE%D0%BB%D0%B0 HTTP/1.1" 304 - "http://localhost:8080/group" "Mozilla/5.0 (Windows NT 10.0; Win64; x64) AppleWebKit/537.36 (KHTML, like Gecko) Chrome/85.0.4183.102 Safari/537.36"
::1 - - [15/Sep/2020:05:42:07 +0000] "GET /searchstudent?value=%D0%91%D0%BE%D0%BB%D0%B0%D1%82 HTTP/1.1" 304 - "http://localhost:8080/group" "Mozilla/5.0 (Windows NT 10.0; Win64; x64) AppleWebKit/537.36 (KHTML, like Gecko) Chrome/85.0.4183.102 Safari/537.36"
::1 - - [15/Sep/2020:05:42:21 +0000] "GET /searchstudent?value=%D0%9F HTTP/1.1" 200 620 "http://localhost:8080/group" "Mozilla/5.0 (Windows NT 10.0; Win64; x64) AppleWebKit/537.36 (KHTML, like Gecko) Chrome/85.0.4183.102 Safari/537.36"
::1 - - [15/Sep/2020:05:42:21 +0000] "GET /searchstudent?value=%D0%9F%D0%B0 HTTP/1.1" 200 600 "http://localhost:8080/group" "Mozilla/5.0 (Windows NT 10.0; Win64; x64) AppleWebKit/537.36 (KHTML, like Gecko) Chrome/85.0.4183.102 Safari/537.36"
::1 - - [15/Sep/2020:05:42:21 +0000] "GET /searchstudent?value=%D0%9F%D0%B0%D0%BA HTTP/1.1" 200 380 "http://localhost:8080/group" "Mozilla/5.0 (Windows NT 10.0; Win64; x64) AppleWebKit/537.36 (KHTML, like Gecko) Chrome/85.0.4183.102 Safari/537.36"
::1 - - [15/Sep/2020:05:42:25 +0000] "POST /student HTTP/1.1" 200 4 "http://localhost:8080/group" "Mozilla/5.0 (Windows NT 10.0; Win64; x64) AppleWebKit/537.36 (KHTML, like Gecko) Chrome/85.0.4183.102 Safari/537.36"
::1 - - [15/Sep/2020:05:42:26 +0000] "POST /addtogroup HTTP/1.1" 200 1382 "http://localhost:8080/group" "Mozilla/5.0 (Windows NT 10.0; Win64; x64) AppleWebKit/537.36 (KHTML, like Gecko) Chrome/85.0.4183.102 Safari/537.36"
::1 - - [15/Sep/2020:05:43:13 +0000] "POST /groupstudents HTTP/1.1" 200 381 "http://localhost:8080/group" "Mozilla/5.0 (Windows NT 10.0; Win64; x64) AppleWebKit/537.36 (KHTML, like Gecko) Chrome/85.0.4183.102 Safari/537.36"
::1 - - [15/Sep/2020:05:43:16 +0000] "GET /searchstudent?value=%D0%9F HTTP/1.1" 304 - "http://localhost:8080/group" "Mozilla/5.0 (Windows NT 10.0; Win64; x64) AppleWebKit/537.36 (KHTML, like Gecko) Chrome/85.0.4183.102 Safari/537.36"
::1 - - [15/Sep/2020:05:43:16 +0000] "GET /searchstudent?value=%D0%9F HTTP/1.1" 304 - "http://localhost:8080/group" "Mozilla/5.0 (Windows NT 10.0; Win64; x64) AppleWebKit/537.36 (KHTML, like Gecko) Chrome/85.0.4183.102 Safari/537.36"
::1 - - [15/Sep/2020:05:43:16 +0000] "GET /searchstudent?value=%D0%9F%D0%B0 HTTP/1.1" 304 - "http://localhost:8080/group" "Mozilla/5.0 (Windows NT 10.0; Win64; x64) AppleWebKit/537.36 (KHTML, like Gecko) Chrome/85.0.4183.102 Safari/537.36"
::1 - - [15/Sep/2020:05:43:16 +0000] "GET /searchstudent?value=%D0%9F%D0%B0%D0%BA HTTP/1.1" 304 - "http://localhost:8080/group" "Mozilla/5.0 (Windows NT 10.0; Win64; x64) AppleWebKit/537.36 (KHTML, like Gecko) Chrome/85.0.4183.102 Safari/537.36"
::1 - - [15/Sep/2020:05:43:19 +0000] "POST /student HTTP/1.1" 200 4 "http://localhost:8080/group" "Mozilla/5.0 (Windows NT 10.0; Win64; x64) AppleWebKit/537.36 (KHTML, like Gecko) Chrome/85.0.4183.102 Safari/537.36"
::1 - - [15/Sep/2020:05:43:19 +0000] "POST /addtogroup HTTP/1.1" 200 1382 "http://localhost:8080/group" "Mozilla/5.0 (Windows NT 10.0; Win64; x64) AppleWebKit/537.36 (KHTML, like Gecko) Chrome/85.0.4183.102 Safari/537.36"
::1 - - [15/Sep/2020:06:19:45 +0000] "POST /groupstudents HTTP/1.1" 200 381 "http://localhost:8080/group" "Mozilla/5.0 (Linux; Android 6.0; Nexus 5 Build/MRA58N) AppleWebKit/537.36 (KHTML, like Gecko) Chrome/85.0.4183.102 Mobile Safari/537.36"
::1 - - [15/Sep/2020:06:19:53 +0000] "GET /searchstudent?value=G HTTP/1.1" 200 2 "http://localhost:8080/group" "Mozilla/5.0 (Windows NT 10.0; Win64; x64) AppleWebKit/537.36 (KHTML, like Gecko) Chrome/85.0.4183.102 Safari/537.36"
::1 - - [15/Sep/2020:06:19:53 +0000] "GET /searchstudent?value=G HTTP/1.1" 304 - "http://localhost:8080/group" "Mozilla/5.0 (Windows NT 10.0; Win64; x64) AppleWebKit/537.36 (KHTML, like Gecko) Chrome/85.0.4183.102 Safari/537.36"
::1 - - [15/Sep/2020:06:19:53 +0000] "GET /searchstudent?value= HTTP/1.1" 304 - "http://localhost:8080/group" "Mozilla/5.0 (Windows NT 10.0; Win64; x64) AppleWebKit/537.36 (KHTML, like Gecko) Chrome/85.0.4183.102 Safari/537.36"
::1 - - [15/Sep/2020:06:19:54 +0000] "GET /searchstudent?value=%D0%9F HTTP/1.1" 304 - "http://localhost:8080/group" "Mozilla/5.0 (Windows NT 10.0; Win64; x64) AppleWebKit/537.36 (KHTML, like Gecko) Chrome/85.0.4183.102 Safari/537.36"
::1 - - [15/Sep/2020:06:19:54 +0000] "GET /searchstudent?value=%D0%9F%D0%B0 HTTP/1.1" 304 - "http://localhost:8080/group" "Mozilla/5.0 (Windows NT 10.0; Win64; x64) AppleWebKit/537.36 (KHTML, like Gecko) Chrome/85.0.4183.102 Safari/537.36"
::1 - - [15/Sep/2020:06:19:54 +0000] "GET /searchstudent?value=%D0%9F%D0%B0%D0%BA HTTP/1.1" 304 - "http://localhost:8080/group" "Mozilla/5.0 (Windows NT 10.0; Win64; x64) AppleWebKit/537.36 (KHTML, like Gecko) Chrome/85.0.4183.102 Safari/537.36"
::1 - - [15/Sep/2020:06:19:57 +0000] "POST /student HTTP/1.1" 200 4 "http://localhost:8080/group" "Mozilla/5.0 (Windows NT 10.0; Win64; x64) AppleWebKit/537.36 (KHTML, like Gecko) Chrome/85.0.4183.102 Safari/537.36"
::1 - - [15/Sep/2020:06:19:58 +0000] "POST /addtogroup HTTP/1.1" 200 1382 "http://localhost:8080/group" "Mozilla/5.0 (Windows NT 10.0; Win64; x64) AppleWebKit/537.36 (KHTML, like Gecko) Chrome/85.0.4183.102 Safari/537.36"
::1 - - [15/Sep/2020:06:20:30 +0000] "POST /groupstudents HTTP/1.1" 200 381 "http://localhost:8080/group" "Mozilla/5.0 (Windows NT 10.0; Win64; x64) AppleWebKit/537.36 (KHTML, like Gecko) Chrome/85.0.4183.102 Safari/537.36"
::1 - - [15/Sep/2020:06:20:31 +0000] "GET /searchstudent?value=%D0%9F HTTP/1.1" 304 - "http://localhost:8080/group" "Mozilla/5.0 (Windows NT 10.0; Win64; x64) AppleWebKit/537.36 (KHTML, like Gecko) Chrome/85.0.4183.102 Safari/537.36"
::1 - - [15/Sep/2020:06:20:31 +0000] "GET /searchstudent?value=%D0%9F HTTP/1.1" 304 - "http://localhost:8080/group" "Mozilla/5.0 (Windows NT 10.0; Win64; x64) AppleWebKit/537.36 (KHTML, like Gecko) Chrome/85.0.4183.102 Safari/537.36"
::1 - - [15/Sep/2020:06:20:31 +0000] "GET /searchstudent?value=%D0%9F%D0%B0 HTTP/1.1" 304 - "http://localhost:8080/group" "Mozilla/5.0 (Windows NT 10.0; Win64; x64) AppleWebKit/537.36 (KHTML, like Gecko) Chrome/85.0.4183.102 Safari/537.36"
::1 - - [15/Sep/2020:06:20:32 +0000] "GET /searchstudent?value=%D0%9F%D0%B0%D0%BA HTTP/1.1" 304 - "http://localhost:8080/group" "Mozilla/5.0 (Windows NT 10.0; Win64; x64) AppleWebKit/537.36 (KHTML, like Gecko) Chrome/85.0.4183.102 Safari/537.36"
::1 - - [15/Sep/2020:06:20:33 +0000] "POST /student HTTP/1.1" 200 4 "http://localhost:8080/group" "Mozilla/5.0 (Windows NT 10.0; Win64; x64) AppleWebKit/537.36 (KHTML, like Gecko) Chrome/85.0.4183.102 Safari/537.36"
::1 - - [15/Sep/2020:06:20:33 +0000] "POST /addtogroup HTTP/1.1" 200 1382 "http://localhost:8080/group" "Mozilla/5.0 (Windows NT 10.0; Win64; x64) AppleWebKit/537.36 (KHTML, like Gecko) Chrome/85.0.4183.102 Safari/537.36"
::ffff:127.0.0.1 - - [15/Sep/2020:06:21:07 +0000] "POST /groupstudents HTTP/1.1" 200 381 "http://localhost:8080/group" "Mozilla/5.0 (Windows NT 10.0; Win64; x64) AppleWebKit/537.36 (KHTML, like Gecko) Chrome/85.0.4183.102 Safari/537.36"
::ffff:127.0.0.1 - - [15/Sep/2020:06:21:08 +0000] "GET /searchstudent?value=%D0%9F HTTP/1.1" 304 - "http://localhost:8080/group" "Mozilla/5.0 (Windows NT 10.0; Win64; x64) AppleWebKit/537.36 (KHTML, like Gecko) Chrome/85.0.4183.102 Safari/537.36"
::ffff:127.0.0.1 - - [15/Sep/2020:06:21:08 +0000] "GET /searchstudent?value=%D0%9F HTTP/1.1" 304 - "http://localhost:8080/group" "Mozilla/5.0 (Windows NT 10.0; Win64; x64) AppleWebKit/537.36 (KHTML, like Gecko) Chrome/85.0.4183.102 Safari/537.36"
::ffff:127.0.0.1 - - [15/Sep/2020:06:21:08 +0000] "GET /searchstudent?value=%D0%9F%D0%B0 HTTP/1.1" 304 - "http://localhost:8080/group" "Mozilla/5.0 (Windows NT 10.0; Win64; x64) AppleWebKit/537.36 (KHTML, like Gecko) Chrome/85.0.4183.102 Safari/537.36"
::ffff:127.0.0.1 - - [15/Sep/2020:06:21:08 +0000] "GET /searchstudent?value=%D0%9F%D0%B0%D0%BA HTTP/1.1" 304 - "http://localhost:8080/group" "Mozilla/5.0 (Windows NT 10.0; Win64; x64) AppleWebKit/537.36 (KHTML, like Gecko) Chrome/85.0.4183.102 Safari/537.36"
::ffff:127.0.0.1 - - [15/Sep/2020:06:21:09 +0000] "POST /student HTTP/1.1" 200 4 "http://localhost:8080/group" "Mozilla/5.0 (Windows NT 10.0; Win64; x64) AppleWebKit/537.36 (KHTML, like Gecko) Chrome/85.0.4183.102 Safari/537.36"
::ffff:127.0.0.1 - - [15/Sep/2020:06:21:10 +0000] "POST /addtogroup HTTP/1.1" 200 1382 "http://localhost:8080/group" "Mozilla/5.0 (Windows NT 10.0; Win64; x64) AppleWebKit/537.36 (KHTML, like Gecko) Chrome/85.0.4183.102 Safari/537.36"
::1 - - [15/Sep/2020:06:38:03 +0000] "POST /login HTTP/1.1" 200 349 "http://localhost:8080/" "Mozilla/5.0 (Windows NT 10.0; Win64; x64) AppleWebKit/537.36 (KHTML, like Gecko) Chrome/85.0.4183.102 Safari/537.36"
::1 - - [15/Sep/2020:06:38:04 +0000] "POST /teacher HTTP/1.1" 200 387 "http://localhost:8080/teacher/4288" "Mozilla/5.0 (Windows NT 10.0; Win64; x64) AppleWebKit/537.36 (KHTML, like Gecko) Chrome/85.0.4183.102 Safari/537.36"
::1 - - [15/Sep/2020:06:38:21 +0000] "POST /groups HTTP/1.1" 200 187 "http://localhost:8080/teacher/4288" "Mozilla/5.0 (Windows NT 10.0; Win64; x64) AppleWebKit/537.36 (KHTML, like Gecko) Chrome/85.0.4183.102 Safari/537.36"
::1 - - [15/Sep/2020:06:38:23 +0000] "POST /groupstudents HTTP/1.1" 200 381 "http://localhost:8080/group" "Mozilla/5.0 (Windows NT 10.0; Win64; x64) AppleWebKit/537.36 (KHTML, like Gecko) Chrome/85.0.4183.102 Safari/537.36"
::1 - - [15/Sep/2020:06:38:25 +0000] "GET /searchstudent?value=%D0%9F HTTP/1.1" 304 - "http://localhost:8080/group" "Mozilla/5.0 (Windows NT 10.0; Win64; x64) AppleWebKit/537.36 (KHTML, like Gecko) Chrome/85.0.4183.102 Safari/537.36"
::1 - - [15/Sep/2020:06:38:25 +0000] "GET /searchstudent?value=%D0%9F HTTP/1.1" 304 - "http://localhost:8080/group" "Mozilla/5.0 (Windows NT 10.0; Win64; x64) AppleWebKit/537.36 (KHTML, like Gecko) Chrome/85.0.4183.102 Safari/537.36"
::1 - - [15/Sep/2020:06:38:25 +0000] "GET /searchstudent?value=%D0%9F%D0%B0 HTTP/1.1" 304 - "http://localhost:8080/group" "Mozilla/5.0 (Windows NT 10.0; Win64; x64) AppleWebKit/537.36 (KHTML, like Gecko) Chrome/85.0.4183.102 Safari/537.36"
::1 - - [15/Sep/2020:06:38:25 +0000] "GET /searchstudent?value=%D0%9F%D0%B0%D0%BA HTTP/1.1" 304 - "http://localhost:8080/group" "Mozilla/5.0 (Windows NT 10.0; Win64; x64) AppleWebKit/537.36 (KHTML, like Gecko) Chrome/85.0.4183.102 Safari/537.36"
::1 - - [15/Sep/2020:06:38:27 +0000] "POST /student HTTP/1.1" 200 4 "http://localhost:8080/group" "Mozilla/5.0 (Windows NT 10.0; Win64; x64) AppleWebKit/537.36 (KHTML, like Gecko) Chrome/85.0.4183.102 Safari/537.36"
::1 - - [15/Sep/2020:06:38:28 +0000] "POST /addtogroup HTTP/1.1" 200 1382 "http://localhost:8080/group" "Mozilla/5.0 (Windows NT 10.0; Win64; x64) AppleWebKit/537.36 (KHTML, like Gecko) Chrome/85.0.4183.102 Safari/537.36"
::1 - - [15/Sep/2020:06:38:53 +0000] "POST /groupstudents HTTP/1.1" 200 381 "http://localhost:8080/group" "Mozilla/5.0 (Windows NT 10.0; Win64; x64) AppleWebKit/537.36 (KHTML, like Gecko) Chrome/85.0.4183.102 Safari/537.36"
::1 - - [15/Sep/2020:06:38:56 +0000] "GET /searchstudent?value=%D0%9F HTTP/1.1" 304 - "http://localhost:8080/group" "Mozilla/5.0 (Windows NT 10.0; Win64; x64) AppleWebKit/537.36 (KHTML, like Gecko) Chrome/85.0.4183.102 Safari/537.36"
::1 - - [15/Sep/2020:06:38:56 +0000] "GET /searchstudent?value=%D0%9F HTTP/1.1" 304 - "http://localhost:8080/group" "Mozilla/5.0 (Windows NT 10.0; Win64; x64) AppleWebKit/537.36 (KHTML, like Gecko) Chrome/85.0.4183.102 Safari/537.36"
::1 - - [15/Sep/2020:06:38:56 +0000] "GET /searchstudent?value=%D0%9F%D0%B0 HTTP/1.1" 304 - "http://localhost:8080/group" "Mozilla/5.0 (Windows NT 10.0; Win64; x64) AppleWebKit/537.36 (KHTML, like Gecko) Chrome/85.0.4183.102 Safari/537.36"
::1 - - [15/Sep/2020:06:38:56 +0000] "GET /searchstudent?value=%D0%9F%D0%B0%D0%BA HTTP/1.1" 304 - "http://localhost:8080/group" "Mozilla/5.0 (Windows NT 10.0; Win64; x64) AppleWebKit/537.36 (KHTML, like Gecko) Chrome/85.0.4183.102 Safari/537.36"
::1 - - [15/Sep/2020:06:38:58 +0000] "POST /student HTTP/1.1" 200 4 "http://localhost:8080/group" "Mozilla/5.0 (Windows NT 10.0; Win64; x64) AppleWebKit/537.36 (KHTML, like Gecko) Chrome/85.0.4183.102 Safari/537.36"
::1 - - [15/Sep/2020:06:38:58 +0000] "POST /addtogroup HTTP/1.1" 200 1382 "http://localhost:8080/group" "Mozilla/5.0 (Windows NT 10.0; Win64; x64) AppleWebKit/537.36 (KHTML, like Gecko) Chrome/85.0.4183.102 Safari/537.36"
::1 - - [15/Sep/2020:06:42:04 +0000] "POST /groupstudents HTTP/1.1" 200 381 "http://localhost:8080/group" "Mozilla/5.0 (Windows NT 10.0; Win64; x64) AppleWebKit/537.36 (KHTML, like Gecko) Chrome/85.0.4183.102 Safari/537.36"
::1 - - [15/Sep/2020:06:42:07 +0000] "GET /searchstudent?value=%D0%9F HTTP/1.1" 304 - "http://localhost:8080/group" "Mozilla/5.0 (Windows NT 10.0; Win64; x64) AppleWebKit/537.36 (KHTML, like Gecko) Chrome/85.0.4183.102 Safari/537.36"
::1 - - [15/Sep/2020:06:42:07 +0000] "GET /searchstudent?value=%D0%9F HTTP/1.1" 304 - "http://localhost:8080/group" "Mozilla/5.0 (Windows NT 10.0; Win64; x64) AppleWebKit/537.36 (KHTML, like Gecko) Chrome/85.0.4183.102 Safari/537.36"
::1 - - [15/Sep/2020:06:42:07 +0000] "GET /searchstudent?value=%D0%9F%D0%B0 HTTP/1.1" 304 - "http://localhost:8080/group" "Mozilla/5.0 (Windows NT 10.0; Win64; x64) AppleWebKit/537.36 (KHTML, like Gecko) Chrome/85.0.4183.102 Safari/537.36"
::1 - - [15/Sep/2020:06:42:07 +0000] "GET /searchstudent?value=%D0%9F%D0%B0%D0%BA HTTP/1.1" 304 - "http://localhost:8080/group" "Mozilla/5.0 (Windows NT 10.0; Win64; x64) AppleWebKit/537.36 (KHTML, like Gecko) Chrome/85.0.4183.102 Safari/537.36"
::1 - - [15/Sep/2020:06:42:08 +0000] "POST /student HTTP/1.1" 200 4 "http://localhost:8080/group" "Mozilla/5.0 (Windows NT 10.0; Win64; x64) AppleWebKit/537.36 (KHTML, like Gecko) Chrome/85.0.4183.102 Safari/537.36"
::1 - - [15/Sep/2020:06:42:12 +0000] "POST /addtogroup HTTP/1.1" 200 1382 "http://localhost:8080/group" "Mozilla/5.0 (Windows NT 10.0; Win64; x64) AppleWebKit/537.36 (KHTML, like Gecko) Chrome/85.0.4183.102 Safari/537.36"
::1 - - [15/Sep/2020:06:44:39 +0000] "POST /groupstudents HTTP/1.1" 200 381 "http://localhost:8080/group" "Mozilla/5.0 (Windows NT 10.0; Win64; x64) AppleWebKit/537.36 (KHTML, like Gecko) Chrome/85.0.4183.102 Safari/537.36"
::1 - - [15/Sep/2020:06:44:40 +0000] "GET /searchstudent?value=%D0%9F HTTP/1.1" 304 - "http://localhost:8080/group" "Mozilla/5.0 (Windows NT 10.0; Win64; x64) AppleWebKit/537.36 (KHTML, like Gecko) Chrome/85.0.4183.102 Safari/537.36"
::1 - - [15/Sep/2020:06:44:40 +0000] "GET /searchstudent?value=%D0%9F HTTP/1.1" 304 - "http://localhost:8080/group" "Mozilla/5.0 (Windows NT 10.0; Win64; x64) AppleWebKit/537.36 (KHTML, like Gecko) Chrome/85.0.4183.102 Safari/537.36"
::1 - - [15/Sep/2020:06:44:40 +0000] "GET /searchstudent?value=%D0%9F%D0%B0 HTTP/1.1" 304 - "http://localhost:8080/group" "Mozilla/5.0 (Windows NT 10.0; Win64; x64) AppleWebKit/537.36 (KHTML, like Gecko) Chrome/85.0.4183.102 Safari/537.36"
::1 - - [15/Sep/2020:06:44:40 +0000] "GET /searchstudent?value=%D0%9F%D0%B0%D0%BA HTTP/1.1" 304 - "http://localhost:8080/group" "Mozilla/5.0 (Windows NT 10.0; Win64; x64) AppleWebKit/537.36 (KHTML, like Gecko) Chrome/85.0.4183.102 Safari/537.36"
::1 - - [15/Sep/2020:06:44:41 +0000] "POST /student HTTP/1.1" 200 4 "http://localhost:8080/group" "Mozilla/5.0 (Windows NT 10.0; Win64; x64) AppleWebKit/537.36 (KHTML, like Gecko) Chrome/85.0.4183.102 Safari/537.36"
::1 - - [15/Sep/2020:06:44:42 +0000] "POST /addtogroup HTTP/1.1" 200 1382 "http://localhost:8080/group" "Mozilla/5.0 (Windows NT 10.0; Win64; x64) AppleWebKit/537.36 (KHTML, like Gecko) Chrome/85.0.4183.102 Safari/537.36"
::1 - - [15/Sep/2020:06:46:22 +0000] "POST /groupstudents HTTP/1.1" 200 381 "http://localhost:8080/group" "Mozilla/5.0 (Windows NT 10.0; Win64; x64) AppleWebKit/537.36 (KHTML, like Gecko) Chrome/85.0.4183.102 Safari/537.36"
::1 - - [15/Sep/2020:06:46:23 +0000] "GET /searchstudent?value=%D0%9F HTTP/1.1" 304 - "http://localhost:8080/group" "Mozilla/5.0 (Windows NT 10.0; Win64; x64) AppleWebKit/537.36 (KHTML, like Gecko) Chrome/85.0.4183.102 Safari/537.36"
::1 - - [15/Sep/2020:06:46:23 +0000] "GET /searchstudent?value=%D0%9F HTTP/1.1" 304 - "http://localhost:8080/group" "Mozilla/5.0 (Windows NT 10.0; Win64; x64) AppleWebKit/537.36 (KHTML, like Gecko) Chrome/85.0.4183.102 Safari/537.36"
::1 - - [15/Sep/2020:06:46:24 +0000] "GET /searchstudent?value=%D0%9F%D0%B0 HTTP/1.1" 304 - "http://localhost:8080/group" "Mozilla/5.0 (Windows NT 10.0; Win64; x64) AppleWebKit/537.36 (KHTML, like Gecko) Chrome/85.0.4183.102 Safari/537.36"
::1 - - [15/Sep/2020:06:46:24 +0000] "GET /searchstudent?value=%D0%9F%D0%B0%D0%BA HTTP/1.1" 304 - "http://localhost:8080/group" "Mozilla/5.0 (Windows NT 10.0; Win64; x64) AppleWebKit/537.36 (KHTML, like Gecko) Chrome/85.0.4183.102 Safari/537.36"
::1 - - [15/Sep/2020:06:46:27 +0000] "POST /student HTTP/1.1" 200 4 "http://localhost:8080/group" "Mozilla/5.0 (Windows NT 10.0; Win64; x64) AppleWebKit/537.36 (KHTML, like Gecko) Chrome/85.0.4183.102 Safari/537.36"
::1 - - [15/Sep/2020:06:46:28 +0000] "POST /addtogroup HTTP/1.1" 200 1382 "http://localhost:8080/group" "Mozilla/5.0 (Windows NT 10.0; Win64; x64) AppleWebKit/537.36 (KHTML, like Gecko) Chrome/85.0.4183.102 Safari/537.36"
::1 - - [15/Sep/2020:06:46:42 +0000] "POST /groupstudents HTTP/1.1" 200 381 "http://localhost:8080/group" "Mozilla/5.0 (Windows NT 10.0; Win64; x64) AppleWebKit/537.36 (KHTML, like Gecko) Chrome/85.0.4183.102 Safari/537.36"
::1 - - [15/Sep/2020:06:46:45 +0000] "GET /searchstudent?value=%D0%9F HTTP/1.1" 304 - "http://localhost:8080/group" "Mozilla/5.0 (Windows NT 10.0; Win64; x64) AppleWebKit/537.36 (KHTML, like Gecko) Chrome/85.0.4183.102 Safari/537.36"
::1 - - [15/Sep/2020:06:46:45 +0000] "GET /searchstudent?value=%D0%9F HTTP/1.1" 304 - "http://localhost:8080/group" "Mozilla/5.0 (Windows NT 10.0; Win64; x64) AppleWebKit/537.36 (KHTML, like Gecko) Chrome/85.0.4183.102 Safari/537.36"
::1 - - [15/Sep/2020:06:46:45 +0000] "GET /searchstudent?value=%D0%9F%D0%B0 HTTP/1.1" 304 - "http://localhost:8080/group" "Mozilla/5.0 (Windows NT 10.0; Win64; x64) AppleWebKit/537.36 (KHTML, like Gecko) Chrome/85.0.4183.102 Safari/537.36"
::1 - - [15/Sep/2020:06:46:45 +0000] "GET /searchstudent?value=%D0%9F%D0%B0%D0%BA HTTP/1.1" 304 - "http://localhost:8080/group" "Mozilla/5.0 (Windows NT 10.0; Win64; x64) AppleWebKit/537.36 (KHTML, like Gecko) Chrome/85.0.4183.102 Safari/537.36"
::1 - - [15/Sep/2020:06:46:47 +0000] "POST /student HTTP/1.1" 200 4 "http://localhost:8080/group" "Mozilla/5.0 (Windows NT 10.0; Win64; x64) AppleWebKit/537.36 (KHTML, like Gecko) Chrome/85.0.4183.102 Safari/537.36"
::1 - - [15/Sep/2020:06:46:47 +0000] "POST /addtogroup HTTP/1.1" 200 1382 "http://localhost:8080/group" "Mozilla/5.0 (Windows NT 10.0; Win64; x64) AppleWebKit/537.36 (KHTML, like Gecko) Chrome/85.0.4183.102 Safari/537.36"
::1 - - [15/Sep/2020:06:50:30 +0000] "POST /groupstudents HTTP/1.1" 200 381 "http://localhost:8080/group" "Mozilla/5.0 (Windows NT 10.0; Win64; x64) AppleWebKit/537.36 (KHTML, like Gecko) Chrome/85.0.4183.102 Safari/537.36"
::1 - - [15/Sep/2020:06:50:31 +0000] "GET /searchstudent?value=G HTTP/1.1" 200 2 "http://localhost:8080/group" "Mozilla/5.0 (Windows NT 10.0; Win64; x64) AppleWebKit/537.36 (KHTML, like Gecko) Chrome/85.0.4183.102 Safari/537.36"
::1 - - [15/Sep/2020:06:50:31 +0000] "GET /searchstudent?value=G HTTP/1.1" 304 - "http://localhost:8080/group" "Mozilla/5.0 (Windows NT 10.0; Win64; x64) AppleWebKit/537.36 (KHTML, like Gecko) Chrome/85.0.4183.102 Safari/537.36"
::1 - - [15/Sep/2020:06:50:31 +0000] "GET /searchstudent?value=Gf HTTP/1.1" 200 2 "http://localhost:8080/group" "Mozilla/5.0 (Windows NT 10.0; Win64; x64) AppleWebKit/537.36 (KHTML, like Gecko) Chrome/85.0.4183.102 Safari/537.36"
::1 - - [15/Sep/2020:06:50:32 +0000] "GET /searchstudent?value=G HTTP/1.1" 304 - "http://localhost:8080/group" "Mozilla/5.0 (Windows NT 10.0; Win64; x64) AppleWebKit/537.36 (KHTML, like Gecko) Chrome/85.0.4183.102 Safari/537.36"
::1 - - [15/Sep/2020:06:50:32 +0000] "GET /searchstudent?value= HTTP/1.1" 304 - "http://localhost:8080/group" "Mozilla/5.0 (Windows NT 10.0; Win64; x64) AppleWebKit/537.36 (KHTML, like Gecko) Chrome/85.0.4183.102 Safari/537.36"
::1 - - [15/Sep/2020:06:50:32 +0000] "GET /searchstudent?value=%D0%9F HTTP/1.1" 304 - "http://localhost:8080/group" "Mozilla/5.0 (Windows NT 10.0; Win64; x64) AppleWebKit/537.36 (KHTML, like Gecko) Chrome/85.0.4183.102 Safari/537.36"
::1 - - [15/Sep/2020:06:50:33 +0000] "GET /searchstudent?value=%D0%9F%D0%B0 HTTP/1.1" 304 - "http://localhost:8080/group" "Mozilla/5.0 (Windows NT 10.0; Win64; x64) AppleWebKit/537.36 (KHTML, like Gecko) Chrome/85.0.4183.102 Safari/537.36"
::1 - - [15/Sep/2020:06:50:33 +0000] "GET /searchstudent?value=%D0%9F%D0%B0%D0%BA HTTP/1.1" 304 - "http://localhost:8080/group" "Mozilla/5.0 (Windows NT 10.0; Win64; x64) AppleWebKit/537.36 (KHTML, like Gecko) Chrome/85.0.4183.102 Safari/537.36"
::1 - - [15/Sep/2020:06:50:34 +0000] "POST /student HTTP/1.1" 200 4 "http://localhost:8080/group" "Mozilla/5.0 (Windows NT 10.0; Win64; x64) AppleWebKit/537.36 (KHTML, like Gecko) Chrome/85.0.4183.102 Safari/537.36"
::1 - - [15/Sep/2020:06:50:49 +0000] "GET /searchstudent?value=%D0%9F HTTP/1.1" 304 - "http://localhost:8080/group" "Mozilla/5.0 (Windows NT 10.0; Win64; x64) AppleWebKit/537.36 (KHTML, like Gecko) Chrome/85.0.4183.102 Safari/537.36"
::1 - - [15/Sep/2020:06:50:49 +0000] "GET /searchstudent?value=%D0%9F HTTP/1.1" 304 - "http://localhost:8080/group" "Mozilla/5.0 (Windows NT 10.0; Win64; x64) AppleWebKit/537.36 (KHTML, like Gecko) Chrome/85.0.4183.102 Safari/537.36"
::ffff:127.0.0.1 - - [15/Sep/2020:06:50:49 +0000] "POST /addtogroup HTTP/1.1" 200 1382 "http://localhost:8080/group" "Mozilla/5.0 (Windows NT 10.0; Win64; x64) AppleWebKit/537.36 (KHTML, like Gecko) Chrome/85.0.4183.102 Safari/537.36"
::1 - - [15/Sep/2020:06:50:49 +0000] "GET /searchstudent?value=%D0%9F%D0%B0 HTTP/1.1" 304 - "http://localhost:8080/group" "Mozilla/5.0 (Windows NT 10.0; Win64; x64) AppleWebKit/537.36 (KHTML, like Gecko) Chrome/85.0.4183.102 Safari/537.36"
::1 - - [15/Sep/2020:06:50:50 +0000] "GET /searchstudent?value=%D0%9F%D0%B0%D0%BA HTTP/1.1" 304 - "http://localhost:8080/group" "Mozilla/5.0 (Windows NT 10.0; Win64; x64) AppleWebKit/537.36 (KHTML, like Gecko) Chrome/85.0.4183.102 Safari/537.36"
::1 - - [15/Sep/2020:06:50:51 +0000] "GET /searchstudent HTTP/1.1" 304 - "http://localhost:8080/group" "Mozilla/5.0 (Windows NT 10.0; Win64; x64) AppleWebKit/537.36 (KHTML, like Gecko) Chrome/85.0.4183.102 Safari/537.36"
::1 - - [15/Sep/2020:06:51:05 +0000] "POST /groupstudents HTTP/1.1" 200 381 "http://localhost:8080/group" "Mozilla/5.0 (Windows NT 10.0; Win64; x64) AppleWebKit/537.36 (KHTML, like Gecko) Chrome/85.0.4183.102 Safari/537.36"
::1 - - [15/Sep/2020:06:51:06 +0000] "GET /searchstudent?value=%D0%9F HTTP/1.1" 304 - "http://localhost:8080/group" "Mozilla/5.0 (Windows NT 10.0; Win64; x64) AppleWebKit/537.36 (KHTML, like Gecko) Chrome/85.0.4183.102 Safari/537.36"
::1 - - [15/Sep/2020:06:51:06 +0000] "GET /searchstudent?value=%D0%9F HTTP/1.1" 304 - "http://localhost:8080/group" "Mozilla/5.0 (Windows NT 10.0; Win64; x64) AppleWebKit/537.36 (KHTML, like Gecko) Chrome/85.0.4183.102 Safari/537.36"
::1 - - [15/Sep/2020:06:51:07 +0000] "GET /searchstudent?value=%D0%9F%D0%B0 HTTP/1.1" 304 - "http://localhost:8080/group" "Mozilla/5.0 (Windows NT 10.0; Win64; x64) AppleWebKit/537.36 (KHTML, like Gecko) Chrome/85.0.4183.102 Safari/537.36"
::1 - - [15/Sep/2020:06:51:10 +0000] "POST /student HTTP/1.1" 200 4 "http://localhost:8080/group" "Mozilla/5.0 (Windows NT 10.0; Win64; x64) AppleWebKit/537.36 (KHTML, like Gecko) Chrome/85.0.4183.102 Safari/537.36"
::1 - - [15/Sep/2020:06:51:10 +0000] "POST /addtogroup HTTP/1.1" 200 1382 "http://localhost:8080/group" "Mozilla/5.0 (Windows NT 10.0; Win64; x64) AppleWebKit/537.36 (KHTML, like Gecko) Chrome/85.0.4183.102 Safari/537.36"
::1 - - [15/Sep/2020:06:51:53 +0000] "POST /groupstudents HTTP/1.1" 200 381 "http://localhost:8080/group" "Mozilla/5.0 (Windows NT 10.0; Win64; x64) AppleWebKit/537.36 (KHTML, like Gecko) Chrome/85.0.4183.102 Safari/537.36"
::1 - - [15/Sep/2020:06:51:55 +0000] "GET /searchstudent?value=%D0%9F HTTP/1.1" 304 - "http://localhost:8080/group" "Mozilla/5.0 (Windows NT 10.0; Win64; x64) AppleWebKit/537.36 (KHTML, like Gecko) Chrome/85.0.4183.102 Safari/537.36"
::1 - - [15/Sep/2020:06:51:55 +0000] "GET /searchstudent?value=%D0%9F HTTP/1.1" 304 - "http://localhost:8080/group" "Mozilla/5.0 (Windows NT 10.0; Win64; x64) AppleWebKit/537.36 (KHTML, like Gecko) Chrome/85.0.4183.102 Safari/537.36"
::1 - - [15/Sep/2020:06:51:56 +0000] "GET /searchstudent?value=%D0%9F%D0%B0 HTTP/1.1" 304 - "http://localhost:8080/group" "Mozilla/5.0 (Windows NT 10.0; Win64; x64) AppleWebKit/537.36 (KHTML, like Gecko) Chrome/85.0.4183.102 Safari/537.36"
::1 - - [15/Sep/2020:06:51:56 +0000] "GET /searchstudent?value=%D0%9F%D0%B0%D0%BA HTTP/1.1" 304 - "http://localhost:8080/group" "Mozilla/5.0 (Windows NT 10.0; Win64; x64) AppleWebKit/537.36 (KHTML, like Gecko) Chrome/85.0.4183.102 Safari/537.36"
::1 - - [15/Sep/2020:06:51:57 +0000] "POST /student HTTP/1.1" 200 4 "http://localhost:8080/group" "Mozilla/5.0 (Windows NT 10.0; Win64; x64) AppleWebKit/537.36 (KHTML, like Gecko) Chrome/85.0.4183.102 Safari/537.36"
::1 - - [15/Sep/2020:06:51:58 +0000] "POST /addtogroup HTTP/1.1" 200 1382 "http://localhost:8080/group" "Mozilla/5.0 (Windows NT 10.0; Win64; x64) AppleWebKit/537.36 (KHTML, like Gecko) Chrome/85.0.4183.102 Safari/537.36"
::1 - - [15/Sep/2020:06:53:11 +0000] "POST /groupstudents HTTP/1.1" 200 381 "http://localhost:8080/group" "Mozilla/5.0 (Windows NT 10.0; Win64; x64) AppleWebKit/537.36 (KHTML, like Gecko) Chrome/85.0.4183.102 Safari/537.36"
::1 - - [15/Sep/2020:06:53:12 +0000] "GET /searchstudent?value=%D0%9F HTTP/1.1" 304 - "http://localhost:8080/group" "Mozilla/5.0 (Windows NT 10.0; Win64; x64) AppleWebKit/537.36 (KHTML, like Gecko) Chrome/85.0.4183.102 Safari/537.36"
::1 - - [15/Sep/2020:06:53:12 +0000] "GET /searchstudent?value=%D0%9F HTTP/1.1" 304 - "http://localhost:8080/group" "Mozilla/5.0 (Windows NT 10.0; Win64; x64) AppleWebKit/537.36 (KHTML, like Gecko) Chrome/85.0.4183.102 Safari/537.36"
::1 - - [15/Sep/2020:06:53:13 +0000] "GET /searchstudent?value=%D0%9F%D0%B0 HTTP/1.1" 304 - "http://localhost:8080/group" "Mozilla/5.0 (Windows NT 10.0; Win64; x64) AppleWebKit/537.36 (KHTML, like Gecko) Chrome/85.0.4183.102 Safari/537.36"
::1 - - [15/Sep/2020:06:53:13 +0000] "GET /searchstudent?value=%D0%9F%D0%B0%D0%BA HTTP/1.1" 304 - "http://localhost:8080/group" "Mozilla/5.0 (Windows NT 10.0; Win64; x64) AppleWebKit/537.36 (KHTML, like Gecko) Chrome/85.0.4183.102 Safari/537.36"
::1 - - [15/Sep/2020:06:53:14 +0000] "POST /student HTTP/1.1" 200 4 "http://localhost:8080/group" "Mozilla/5.0 (Windows NT 10.0; Win64; x64) AppleWebKit/537.36 (KHTML, like Gecko) Chrome/85.0.4183.102 Safari/537.36"
::1 - - [15/Sep/2020:06:53:15 +0000] "POST /addtogroup HTTP/1.1" 200 1382 "http://localhost:8080/group" "Mozilla/5.0 (Windows NT 10.0; Win64; x64) AppleWebKit/537.36 (KHTML, like Gecko) Chrome/85.0.4183.102 Safari/537.36"
::1 - - [15/Sep/2020:06:57:40 +0000] "POST /groupstudents HTTP/1.1" 200 381 "http://localhost:8080/group" "Mozilla/5.0 (Windows NT 10.0; Win64; x64) AppleWebKit/537.36 (KHTML, like Gecko) Chrome/85.0.4183.102 Safari/537.36"
::1 - - [15/Sep/2020:06:57:41 +0000] "GET /searchstudent?value=%D0%9F HTTP/1.1" 304 - "http://localhost:8080/group" "Mozilla/5.0 (Windows NT 10.0; Win64; x64) AppleWebKit/537.36 (KHTML, like Gecko) Chrome/85.0.4183.102 Safari/537.36"
::1 - - [15/Sep/2020:06:57:41 +0000] "GET /searchstudent?value=%D0%9F HTTP/1.1" 304 - "http://localhost:8080/group" "Mozilla/5.0 (Windows NT 10.0; Win64; x64) AppleWebKit/537.36 (KHTML, like Gecko) Chrome/85.0.4183.102 Safari/537.36"
::1 - - [15/Sep/2020:06:57:41 +0000] "GET /searchstudent?value=%D0%9F%D0%B0 HTTP/1.1" 304 - "http://localhost:8080/group" "Mozilla/5.0 (Windows NT 10.0; Win64; x64) AppleWebKit/537.36 (KHTML, like Gecko) Chrome/85.0.4183.102 Safari/537.36"
::1 - - [15/Sep/2020:06:57:41 +0000] "GET /searchstudent?value=%D0%9F%D0%B0%D0%BA HTTP/1.1" 304 - "http://localhost:8080/group" "Mozilla/5.0 (Windows NT 10.0; Win64; x64) AppleWebKit/537.36 (KHTML, like Gecko) Chrome/85.0.4183.102 Safari/537.36"
::1 - - [15/Sep/2020:06:57:45 +0000] "POST /student HTTP/1.1" 200 4 "http://localhost:8080/group" "Mozilla/5.0 (Windows NT 10.0; Win64; x64) AppleWebKit/537.36 (KHTML, like Gecko) Chrome/85.0.4183.102 Safari/537.36"
::1 - - [15/Sep/2020:08:21:37 +0000] "POST /groupstudents HTTP/1.1" 200 381 "http://localhost:8080/group" "Mozilla/5.0 (Windows NT 10.0; Win64; x64) AppleWebKit/537.36 (KHTML, like Gecko) Chrome/85.0.4183.102 Safari/537.36"
::1 - - [15/Sep/2020:08:21:38 +0000] "GET /searchstudent?value=G HTTP/1.1" 304 - "http://localhost:8080/group" "Mozilla/5.0 (Windows NT 10.0; Win64; x64) AppleWebKit/537.36 (KHTML, like Gecko) Chrome/85.0.4183.102 Safari/537.36"
::1 - - [15/Sep/2020:08:21:38 +0000] "GET /searchstudent?value=G HTTP/1.1" 304 - "http://localhost:8080/group" "Mozilla/5.0 (Windows NT 10.0; Win64; x64) AppleWebKit/537.36 (KHTML, like Gecko) Chrome/85.0.4183.102 Safari/537.36"
::1 - - [15/Sep/2020:08:21:39 +0000] "GET /searchstudent?value= HTTP/1.1" 304 - "http://localhost:8080/group" "Mozilla/5.0 (Windows NT 10.0; Win64; x64) AppleWebKit/537.36 (KHTML, like Gecko) Chrome/85.0.4183.102 Safari/537.36"
::1 - - [15/Sep/2020:08:21:40 +0000] "GET /searchstudent?value=%D0%9F HTTP/1.1" 304 - "http://localhost:8080/group" "Mozilla/5.0 (Windows NT 10.0; Win64; x64) AppleWebKit/537.36 (KHTML, like Gecko) Chrome/85.0.4183.102 Safari/537.36"
::1 - - [15/Sep/2020:08:21:42 +0000] "GET /searchstudent?value=%D0%9F%D0%B0 HTTP/1.1" 304 - "http://localhost:8080/group" "Mozilla/5.0 (Windows NT 10.0; Win64; x64) AppleWebKit/537.36 (KHTML, like Gecko) Chrome/85.0.4183.102 Safari/537.36"
::1 - - [15/Sep/2020:08:21:42 +0000] "GET /searchstudent?value=%D0%9F%D0%B0%D0%BA HTTP/1.1" 304 - "http://localhost:8080/group" "Mozilla/5.0 (Windows NT 10.0; Win64; x64) AppleWebKit/537.36 (KHTML, like Gecko) Chrome/85.0.4183.102 Safari/537.36"
::1 - - [15/Sep/2020:08:21:47 +0000] "POST /student HTTP/1.1" 200 4 "http://localhost:8080/group" "Mozilla/5.0 (Windows NT 10.0; Win64; x64) AppleWebKit/537.36 (KHTML, like Gecko) Chrome/85.0.4183.102 Safari/537.36"
::1 - - [15/Sep/2020:08:23:13 +0000] "GET /searchstudent?value=%D0%9F HTTP/1.1" 304 - "http://localhost:8080/group" "Mozilla/5.0 (Windows NT 10.0; Win64; x64) AppleWebKit/537.36 (KHTML, like Gecko) Chrome/85.0.4183.102 Safari/537.36"
::1 - - [15/Sep/2020:08:23:13 +0000] "GET /searchstudent?value=%D0%9F HTTP/1.1" 304 - "http://localhost:8080/group" "Mozilla/5.0 (Windows NT 10.0; Win64; x64) AppleWebKit/537.36 (KHTML, like Gecko) Chrome/85.0.4183.102 Safari/537.36"
::1 - - [15/Sep/2020:08:23:13 +0000] "GET /searchstudent?value=%D0%9F%D0%B0 HTTP/1.1" 304 - "http://localhost:8080/group" "Mozilla/5.0 (Windows NT 10.0; Win64; x64) AppleWebKit/537.36 (KHTML, like Gecko) Chrome/85.0.4183.102 Safari/537.36"
::1 - - [15/Sep/2020:08:23:13 +0000] "GET /searchstudent?value=%D0%9F%D0%B0%D0%BA HTTP/1.1" 304 - "http://localhost:8080/group" "Mozilla/5.0 (Windows NT 10.0; Win64; x64) AppleWebKit/537.36 (KHTML, like Gecko) Chrome/85.0.4183.102 Safari/537.36"
::1 - - [15/Sep/2020:08:23:14 +0000] "POST /student HTTP/1.1" 200 4 "http://localhost:8080/group" "Mozilla/5.0 (Windows NT 10.0; Win64; x64) AppleWebKit/537.36 (KHTML, like Gecko) Chrome/85.0.4183.102 Safari/537.36"
::1 - - [15/Sep/2020:08:23:15 +0000] "POST /addtogroup HTTP/1.1" 200 1382 "http://localhost:8080/group" "Mozilla/5.0 (Windows NT 10.0; Win64; x64) AppleWebKit/537.36 (KHTML, like Gecko) Chrome/85.0.4183.102 Safari/537.36"
::1 - - [15/Sep/2020:08:24:34 +0000] "POST /groupstudents HTTP/1.1" 200 381 "http://localhost:8080/group" "Mozilla/5.0 (Windows NT 10.0; Win64; x64) AppleWebKit/537.36 (KHTML, like Gecko) Chrome/85.0.4183.102 Safari/537.36"
::1 - - [15/Sep/2020:08:24:36 +0000] "GET /searchstudent?value=%D0%9F HTTP/1.1" 304 - "http://localhost:8080/group" "Mozilla/5.0 (Windows NT 10.0; Win64; x64) AppleWebKit/537.36 (KHTML, like Gecko) Chrome/85.0.4183.102 Safari/537.36"
::1 - - [15/Sep/2020:08:24:36 +0000] "GET /searchstudent?value=%D0%9F HTTP/1.1" 304 - "http://localhost:8080/group" "Mozilla/5.0 (Windows NT 10.0; Win64; x64) AppleWebKit/537.36 (KHTML, like Gecko) Chrome/85.0.4183.102 Safari/537.36"
::1 - - [15/Sep/2020:08:24:36 +0000] "GET /searchstudent?value=%D0%9F%D0%B0 HTTP/1.1" 304 - "http://localhost:8080/group" "Mozilla/5.0 (Windows NT 10.0; Win64; x64) AppleWebKit/537.36 (KHTML, like Gecko) Chrome/85.0.4183.102 Safari/537.36"
::1 - - [15/Sep/2020:08:24:36 +0000] "GET /searchstudent?value=%D0%9F%D0%B0%D0%BA HTTP/1.1" 304 - "http://localhost:8080/group" "Mozilla/5.0 (Windows NT 10.0; Win64; x64) AppleWebKit/537.36 (KHTML, like Gecko) Chrome/85.0.4183.102 Safari/537.36"
::1 - - [15/Sep/2020:08:24:38 +0000] "POST /student HTTP/1.1" 200 4 "http://localhost:8080/group" "Mozilla/5.0 (Windows NT 10.0; Win64; x64) AppleWebKit/537.36 (KHTML, like Gecko) Chrome/85.0.4183.102 Safari/537.36"
::1 - - [15/Sep/2020:08:24:38 +0000] "POST /addtogroup HTTP/1.1" 200 1382 "http://localhost:8080/group" "Mozilla/5.0 (Windows NT 10.0; Win64; x64) AppleWebKit/537.36 (KHTML, like Gecko) Chrome/85.0.4183.102 Safari/537.36"
::1 - - [15/Sep/2020:08:27:42 +0000] "POST /groupstudents HTTP/1.1" 200 381 "http://localhost:8080/group" "Mozilla/5.0 (Windows NT 10.0; Win64; x64) AppleWebKit/537.36 (KHTML, like Gecko) Chrome/85.0.4183.102 Safari/537.36"
::1 - - [15/Sep/2020:08:27:44 +0000] "GET /searchstudent?value=G HTTP/1.1" 304 - "http://localhost:8080/group" "Mozilla/5.0 (Windows NT 10.0; Win64; x64) AppleWebKit/537.36 (KHTML, like Gecko) Chrome/85.0.4183.102 Safari/537.36"
::1 - - [15/Sep/2020:08:27:44 +0000] "GET /searchstudent?value=G HTTP/1.1" 304 - "http://localhost:8080/group" "Mozilla/5.0 (Windows NT 10.0; Win64; x64) AppleWebKit/537.36 (KHTML, like Gecko) Chrome/85.0.4183.102 Safari/537.36"
::1 - - [15/Sep/2020:08:27:45 +0000] "GET /searchstudent?value= HTTP/1.1" 304 - "http://localhost:8080/group" "Mozilla/5.0 (Windows NT 10.0; Win64; x64) AppleWebKit/537.36 (KHTML, like Gecko) Chrome/85.0.4183.102 Safari/537.36"
::1 - - [15/Sep/2020:08:27:45 +0000] "GET /searchstudent?value=%D0%9F HTTP/1.1" 304 - "http://localhost:8080/group" "Mozilla/5.0 (Windows NT 10.0; Win64; x64) AppleWebKit/537.36 (KHTML, like Gecko) Chrome/85.0.4183.102 Safari/537.36"
::1 - - [15/Sep/2020:08:27:46 +0000] "GET /searchstudent?value=%D0%9F%D0%B0 HTTP/1.1" 304 - "http://localhost:8080/group" "Mozilla/5.0 (Windows NT 10.0; Win64; x64) AppleWebKit/537.36 (KHTML, like Gecko) Chrome/85.0.4183.102 Safari/537.36"
::1 - - [15/Sep/2020:08:27:46 +0000] "GET /searchstudent?value=%D0%9F%D0%B0%D0%BA HTTP/1.1" 304 - "http://localhost:8080/group" "Mozilla/5.0 (Windows NT 10.0; Win64; x64) AppleWebKit/537.36 (KHTML, like Gecko) Chrome/85.0.4183.102 Safari/537.36"
::1 - - [15/Sep/2020:08:27:48 +0000] "POST /student HTTP/1.1" 200 4 "http://localhost:8080/group" "Mozilla/5.0 (Windows NT 10.0; Win64; x64) AppleWebKit/537.36 (KHTML, like Gecko) Chrome/85.0.4183.102 Safari/537.36"
::1 - - [15/Sep/2020:08:27:48 +0000] "POST /addtogroup HTTP/1.1" 200 1382 "http://localhost:8080/group" "Mozilla/5.0 (Windows NT 10.0; Win64; x64) AppleWebKit/537.36 (KHTML, like Gecko) Chrome/85.0.4183.102 Safari/537.36"
::1 - - [15/Sep/2020:08:34:31 +0000] "POST /groupstudents HTTP/1.1" 200 381 "http://localhost:8080/group" "Mozilla/5.0 (Windows NT 10.0; Win64; x64) AppleWebKit/537.36 (KHTML, like Gecko) Chrome/85.0.4183.102 Safari/537.36"
::1 - - [15/Sep/2020:08:34:34 +0000] "GET /searchstudent?value=%D0%9F HTTP/1.1" 304 - "http://localhost:8080/group" "Mozilla/5.0 (Windows NT 10.0; Win64; x64) AppleWebKit/537.36 (KHTML, like Gecko) Chrome/85.0.4183.102 Safari/537.36"
::1 - - [15/Sep/2020:08:34:34 +0000] "GET /searchstudent?value=%D0%9F HTTP/1.1" 304 - "http://localhost:8080/group" "Mozilla/5.0 (Windows NT 10.0; Win64; x64) AppleWebKit/537.36 (KHTML, like Gecko) Chrome/85.0.4183.102 Safari/537.36"
::1 - - [15/Sep/2020:08:34:34 +0000] "GET /searchstudent?value=%D0%9F%D0%B0 HTTP/1.1" 304 - "http://localhost:8080/group" "Mozilla/5.0 (Windows NT 10.0; Win64; x64) AppleWebKit/537.36 (KHTML, like Gecko) Chrome/85.0.4183.102 Safari/537.36"
::1 - - [15/Sep/2020:08:34:34 +0000] "GET /searchstudent?value=%D0%9F%D0%B0%D0%BA HTTP/1.1" 304 - "http://localhost:8080/group" "Mozilla/5.0 (Windows NT 10.0; Win64; x64) AppleWebKit/537.36 (KHTML, like Gecko) Chrome/85.0.4183.102 Safari/537.36"
::1 - - [15/Sep/2020:08:34:36 +0000] "POST /student HTTP/1.1" 200 4 "http://localhost:8080/group" "Mozilla/5.0 (Windows NT 10.0; Win64; x64) AppleWebKit/537.36 (KHTML, like Gecko) Chrome/85.0.4183.102 Safari/537.36"
::1 - - [15/Sep/2020:08:34:36 +0000] "POST /addtogroup HTTP/1.1" 200 1382 "http://localhost:8080/group" "Mozilla/5.0 (Windows NT 10.0; Win64; x64) AppleWebKit/537.36 (KHTML, like Gecko) Chrome/85.0.4183.102 Safari/537.36"
::1 - - [15/Sep/2020:08:36:50 +0000] "POST /groupstudents HTTP/1.1" 200 381 "http://localhost:8080/group" "Mozilla/5.0 (Windows NT 10.0; Win64; x64) AppleWebKit/537.36 (KHTML, like Gecko) Chrome/85.0.4183.102 Safari/537.36"
::1 - - [15/Sep/2020:08:36:51 +0000] "GET /searchstudent?value=G HTTP/1.1" 304 - "http://localhost:8080/group" "Mozilla/5.0 (Windows NT 10.0; Win64; x64) AppleWebKit/537.36 (KHTML, like Gecko) Chrome/85.0.4183.102 Safari/537.36"
::1 - - [15/Sep/2020:08:36:51 +0000] "GET /searchstudent?value=G HTTP/1.1" 304 - "http://localhost:8080/group" "Mozilla/5.0 (Windows NT 10.0; Win64; x64) AppleWebKit/537.36 (KHTML, like Gecko) Chrome/85.0.4183.102 Safari/537.36"
::1 - - [15/Sep/2020:08:36:52 +0000] "GET /searchstudent?value=Gf HTTP/1.1" 200 2 "http://localhost:8080/group" "Mozilla/5.0 (Windows NT 10.0; Win64; x64) AppleWebKit/537.36 (KHTML, like Gecko) Chrome/85.0.4183.102 Safari/537.36"
::1 - - [15/Sep/2020:08:36:52 +0000] "GET /searchstudent?value=G HTTP/1.1" 304 - "http://localhost:8080/group" "Mozilla/5.0 (Windows NT 10.0; Win64; x64) AppleWebKit/537.36 (KHTML, like Gecko) Chrome/85.0.4183.102 Safari/537.36"
::1 - - [15/Sep/2020:08:36:52 +0000] "GET /searchstudent?value= HTTP/1.1" 304 - "http://localhost:8080/group" "Mozilla/5.0 (Windows NT 10.0; Win64; x64) AppleWebKit/537.36 (KHTML, like Gecko) Chrome/85.0.4183.102 Safari/537.36"
::1 - - [15/Sep/2020:08:36:53 +0000] "GET /searchstudent?value=%D0%9F HTTP/1.1" 304 - "http://localhost:8080/group" "Mozilla/5.0 (Windows NT 10.0; Win64; x64) AppleWebKit/537.36 (KHTML, like Gecko) Chrome/85.0.4183.102 Safari/537.36"
::1 - - [15/Sep/2020:08:36:53 +0000] "GET /searchstudent?value=%D0%9F%D0%B0 HTTP/1.1" 304 - "http://localhost:8080/group" "Mozilla/5.0 (Windows NT 10.0; Win64; x64) AppleWebKit/537.36 (KHTML, like Gecko) Chrome/85.0.4183.102 Safari/537.36"
::1 - - [15/Sep/2020:08:36:53 +0000] "GET /searchstudent?value=%D0%9F%D0%B0%D0%BA HTTP/1.1" 304 - "http://localhost:8080/group" "Mozilla/5.0 (Windows NT 10.0; Win64; x64) AppleWebKit/537.36 (KHTML, like Gecko) Chrome/85.0.4183.102 Safari/537.36"
::1 - - [15/Sep/2020:08:36:55 +0000] "POST /student HTTP/1.1" 200 4 "http://localhost:8080/group" "Mozilla/5.0 (Windows NT 10.0; Win64; x64) AppleWebKit/537.36 (KHTML, like Gecko) Chrome/85.0.4183.102 Safari/537.36"
::1 - - [15/Sep/2020:08:36:56 +0000] "POST /addtogroup HTTP/1.1" 200 1382 "http://localhost:8080/group" "Mozilla/5.0 (Windows NT 10.0; Win64; x64) AppleWebKit/537.36 (KHTML, like Gecko) Chrome/85.0.4183.102 Safari/537.36"
::1 - - [15/Sep/2020:08:38:57 +0000] "POST /groupstudents HTTP/1.1" 200 40 "http://localhost:8080/group" "Mozilla/5.0 (Windows NT 10.0; Win64; x64) AppleWebKit/537.36 (KHTML, like Gecko) Chrome/85.0.4183.102 Safari/537.36"
::1 - - [15/Sep/2020:08:38:59 +0000] "GET /searchstudent?value=%D0%9F HTTP/1.1" 200 40 "http://localhost:8080/group" "Mozilla/5.0 (Windows NT 10.0; Win64; x64) AppleWebKit/537.36 (KHTML, like Gecko) Chrome/85.0.4183.102 Safari/537.36"
::1 - - [15/Sep/2020:08:38:59 +0000] "GET /searchstudent?value=%D0%9F HTTP/1.1" 304 - "http://localhost:8080/group" "Mozilla/5.0 (Windows NT 10.0; Win64; x64) AppleWebKit/537.36 (KHTML, like Gecko) Chrome/85.0.4183.102 Safari/537.36"
::1 - - [15/Sep/2020:08:38:59 +0000] "GET /searchstudent?value=%D0%9F%D0%B0 HTTP/1.1" 200 40 "http://localhost:8080/group" "Mozilla/5.0 (Windows NT 10.0; Win64; x64) AppleWebKit/537.36 (KHTML, like Gecko) Chrome/85.0.4183.102 Safari/537.36"
::1 - - [15/Sep/2020:08:39:00 +0000] "GET /searchstudent?value=%D0%9F%D0%B0%D0%BA HTTP/1.1" 200 40 "http://localhost:8080/group" "Mozilla/5.0 (Windows NT 10.0; Win64; x64) AppleWebKit/537.36 (KHTML, like Gecko) Chrome/85.0.4183.102 Safari/537.36"
::1 - - [15/Sep/2020:08:39:05 +0000] "GET /searchstudent?value=%D0%9F%D0%B0 HTTP/1.1" 304 - "http://localhost:8080/group" "Mozilla/5.0 (Windows NT 10.0; Win64; x64) AppleWebKit/537.36 (KHTML, like Gecko) Chrome/85.0.4183.102 Safari/537.36"
::1 - - [15/Sep/2020:08:39:05 +0000] "GET /searchstudent?value=%D0%9F HTTP/1.1" 304 - "http://localhost:8080/group" "Mozilla/5.0 (Windows NT 10.0; Win64; x64) AppleWebKit/537.36 (KHTML, like Gecko) Chrome/85.0.4183.102 Safari/537.36"
::1 - - [15/Sep/2020:08:39:05 +0000] "GET /searchstudent?value= HTTP/1.1" 200 40 "http://localhost:8080/group" "Mozilla/5.0 (Windows NT 10.0; Win64; x64) AppleWebKit/537.36 (KHTML, like Gecko) Chrome/85.0.4183.102 Safari/537.36"
::1 - - [15/Sep/2020:08:39:06 +0000] "GET /searchstudent?value=%D0%9F HTTP/1.1" 304 - "http://localhost:8080/group" "Mozilla/5.0 (Windows NT 10.0; Win64; x64) AppleWebKit/537.36 (KHTML, like Gecko) Chrome/85.0.4183.102 Safari/537.36"
::1 - - [15/Sep/2020:08:39:06 +0000] "GET /searchstudent?value=%D0%9F%D0%B0 HTTP/1.1" 304 - "http://localhost:8080/group" "Mozilla/5.0 (Windows NT 10.0; Win64; x64) AppleWebKit/537.36 (KHTML, like Gecko) Chrome/85.0.4183.102 Safari/537.36"
::1 - - [15/Sep/2020:08:39:06 +0000] "GET /searchstudent?value=%D0%9F%D0%B0%D0%BA HTTP/1.1" 304 - "http://localhost:8080/group" "Mozilla/5.0 (Windows NT 10.0; Win64; x64) AppleWebKit/537.36 (KHTML, like Gecko) Chrome/85.0.4183.102 Safari/537.36"
::1 - - [15/Sep/2020:08:39:08 +0000] "GET /searchstudent HTTP/1.1" 200 40 "http://localhost:8080/group" "Mozilla/5.0 (Windows NT 10.0; Win64; x64) AppleWebKit/537.36 (KHTML, like Gecko) Chrome/85.0.4183.102 Safari/537.36"
::1 - - [15/Sep/2020:08:39:08 +0000] "GET /searchstudent HTTP/1.1" 304 - "http://localhost:8080/group" "Mozilla/5.0 (Windows NT 10.0; Win64; x64) AppleWebKit/537.36 (KHTML, like Gecko) Chrome/85.0.4183.102 Safari/537.36"
::1 - - [15/Sep/2020:08:39:08 +0000] "GET /searchstudent HTTP/1.1" 304 - "http://localhost:8080/group" "Mozilla/5.0 (Windows NT 10.0; Win64; x64) AppleWebKit/537.36 (KHTML, like Gecko) Chrome/85.0.4183.102 Safari/537.36"
::1 - - [15/Sep/2020:08:39:10 +0000] "GET /searchstudent HTTP/1.1" 304 - "http://localhost:8080/group" "Mozilla/5.0 (Windows NT 10.0; Win64; x64) AppleWebKit/537.36 (KHTML, like Gecko) Chrome/85.0.4183.102 Safari/537.36"
::1 - - [15/Sep/2020:08:39:10 +0000] "GET /searchstudent HTTP/1.1" 304 - "http://localhost:8080/group" "Mozilla/5.0 (Windows NT 10.0; Win64; x64) AppleWebKit/537.36 (KHTML, like Gecko) Chrome/85.0.4183.102 Safari/537.36"
::1 - - [15/Sep/2020:08:39:10 +0000] "GET /searchstudent HTTP/1.1" 304 - "http://localhost:8080/group" "Mozilla/5.0 (Windows NT 10.0; Win64; x64) AppleWebKit/537.36 (KHTML, like Gecko) Chrome/85.0.4183.102 Safari/537.36"
::1 - - [15/Sep/2020:08:39:11 +0000] "GET /searchstudent?value=%D0%9F HTTP/1.1" 304 - "http://localhost:8080/group" "Mozilla/5.0 (Windows NT 10.0; Win64; x64) AppleWebKit/537.36 (KHTML, like Gecko) Chrome/85.0.4183.102 Safari/537.36"
::1 - - [15/Sep/2020:08:39:11 +0000] "GET /searchstudent?value=%D0%9F%D0%B0 HTTP/1.1" 304 - "http://localhost:8080/group" "Mozilla/5.0 (Windows NT 10.0; Win64; x64) AppleWebKit/537.36 (KHTML, like Gecko) Chrome/85.0.4183.102 Safari/537.36"
::1 - - [15/Sep/2020:08:39:12 +0000] "GET /searchstudent?value=%D0%9F%D0%B0%D0%BA HTTP/1.1" 304 - "http://localhost:8080/group" "Mozilla/5.0 (Windows NT 10.0; Win64; x64) AppleWebKit/537.36 (KHTML, like Gecko) Chrome/85.0.4183.102 Safari/537.36"
::1 - - [15/Sep/2020:08:39:36 +0000] "POST /groupstudents HTTP/1.1" 200 40 "http://localhost:8080/group" "Mozilla/5.0 (Windows NT 10.0; Win64; x64) AppleWebKit/537.36 (KHTML, like Gecko) Chrome/85.0.4183.102 Safari/537.36"
::1 - - [15/Sep/2020:08:39:47 +0000] "POST /login HTTP/1.1" 200 349 "http://localhost:8080/" "Mozilla/5.0 (Windows NT 10.0; Win64; x64) AppleWebKit/537.36 (KHTML, like Gecko) Chrome/85.0.4183.102 Safari/537.36"
::1 - - [15/Sep/2020:08:39:47 +0000] "POST /teacher HTTP/1.1" 200 387 "http://localhost:8080/teacher/4288" "Mozilla/5.0 (Windows NT 10.0; Win64; x64) AppleWebKit/537.36 (KHTML, like Gecko) Chrome/85.0.4183.102 Safari/537.36"
::1 - - [15/Sep/2020:08:40:01 +0000] "POST /groups HTTP/1.1" 200 187 "http://localhost:8080/teacher/4288" "Mozilla/5.0 (Windows NT 10.0; Win64; x64) AppleWebKit/537.36 (KHTML, like Gecko) Chrome/85.0.4183.102 Safari/537.36"
::1 - - [15/Sep/2020:08:40:02 +0000] "POST /groupstudents HTTP/1.1" 200 381 "http://localhost:8080/group" "Mozilla/5.0 (Windows NT 10.0; Win64; x64) AppleWebKit/537.36 (KHTML, like Gecko) Chrome/85.0.4183.102 Safari/537.36"
::1 - - [15/Sep/2020:08:40:06 +0000] "POST /groupstudents HTTP/1.1" 200 381 "http://localhost:8080/group" "Mozilla/5.0 (Windows NT 10.0; Win64; x64) AppleWebKit/537.36 (KHTML, like Gecko) Chrome/85.0.4183.102 Safari/537.36"
::1 - - [15/Sep/2020:08:40:11 +0000] "GET /searchstudent?value=G HTTP/1.1" 304 - "http://localhost:8080/group" "Mozilla/5.0 (Windows NT 10.0; Win64; x64) AppleWebKit/537.36 (KHTML, like Gecko) Chrome/85.0.4183.102 Safari/537.36"
::1 - - [15/Sep/2020:08:40:11 +0000] "GET /searchstudent?value=G HTTP/1.1" 304 - "http://localhost:8080/group" "Mozilla/5.0 (Windows NT 10.0; Win64; x64) AppleWebKit/537.36 (KHTML, like Gecko) Chrome/85.0.4183.102 Safari/537.36"
::1 - - [15/Sep/2020:08:40:11 +0000] "GET /searchstudent?value= HTTP/1.1" 200 572 "http://localhost:8080/group" "Mozilla/5.0 (Windows NT 10.0; Win64; x64) AppleWebKit/537.36 (KHTML, like Gecko) Chrome/85.0.4183.102 Safari/537.36"
::1 - - [15/Sep/2020:08:40:12 +0000] "GET /searchstudent?value=%D0%A0 HTTP/1.1" 200 618 "http://localhost:8080/group" "Mozilla/5.0 (Windows NT 10.0; Win64; x64) AppleWebKit/537.36 (KHTML, like Gecko) Chrome/85.0.4183.102 Safari/537.36"
::1 - - [15/Sep/2020:08:40:12 +0000] "GET /searchstudent?value= HTTP/1.1" 304 - "http://localhost:8080/group" "Mozilla/5.0 (Windows NT 10.0; Win64; x64) AppleWebKit/537.36 (KHTML, like Gecko) Chrome/85.0.4183.102 Safari/537.36"
::1 - - [15/Sep/2020:08:40:13 +0000] "GET /searchstudent?value=G HTTP/1.1" 304 - "http://localhost:8080/group" "Mozilla/5.0 (Windows NT 10.0; Win64; x64) AppleWebKit/537.36 (KHTML, like Gecko) Chrome/85.0.4183.102 Safari/537.36"
::1 - - [15/Sep/2020:08:40:14 +0000] "GET /searchstudent?value=Gf HTTP/1.1" 304 - "http://localhost:8080/group" "Mozilla/5.0 (Windows NT 10.0; Win64; x64) AppleWebKit/537.36 (KHTML, like Gecko) Chrome/85.0.4183.102 Safari/537.36"
::1 - - [15/Sep/2020:08:40:14 +0000] "GET /searchstudent?value=G HTTP/1.1" 304 - "http://localhost:8080/group" "Mozilla/5.0 (Windows NT 10.0; Win64; x64) AppleWebKit/537.36 (KHTML, like Gecko) Chrome/85.0.4183.102 Safari/537.36"
::1 - - [15/Sep/2020:08:40:14 +0000] "GET /searchstudent?value= HTTP/1.1" 304 - "http://localhost:8080/group" "Mozilla/5.0 (Windows NT 10.0; Win64; x64) AppleWebKit/537.36 (KHTML, like Gecko) Chrome/85.0.4183.102 Safari/537.36"
::1 - - [15/Sep/2020:08:40:14 +0000] "GET /searchstudent?value=%D0%9F HTTP/1.1" 200 620 "http://localhost:8080/group" "Mozilla/5.0 (Windows NT 10.0; Win64; x64) AppleWebKit/537.36 (KHTML, like Gecko) Chrome/85.0.4183.102 Safari/537.36"
::1 - - [15/Sep/2020:08:40:15 +0000] "GET /searchstudent?value=%D0%9F%D0%B0 HTTP/1.1" 200 600 "http://localhost:8080/group" "Mozilla/5.0 (Windows NT 10.0; Win64; x64) AppleWebKit/537.36 (KHTML, like Gecko) Chrome/85.0.4183.102 Safari/537.36"
::1 - - [15/Sep/2020:08:40:15 +0000] "GET /searchstudent?value=%D0%9F%D0%B0%D0%BA HTTP/1.1" 200 380 "http://localhost:8080/group" "Mozilla/5.0 (Windows NT 10.0; Win64; x64) AppleWebKit/537.36 (KHTML, like Gecko) Chrome/85.0.4183.102 Safari/537.36"
::1 - - [15/Sep/2020:08:40:16 +0000] "POST /student HTTP/1.1" 200 4 "http://localhost:8080/group" "Mozilla/5.0 (Windows NT 10.0; Win64; x64) AppleWebKit/537.36 (KHTML, like Gecko) Chrome/85.0.4183.102 Safari/537.36"
::1 - - [15/Sep/2020:08:40:17 +0000] "POST /addtogroup HTTP/1.1" 200 1382 "http://localhost:8080/group" "Mozilla/5.0 (Windows NT 10.0; Win64; x64) AppleWebKit/537.36 (KHTML, like Gecko) Chrome/85.0.4183.102 Safari/537.36"
::1 - - [15/Sep/2020:08:41:24 +0000] "POST /groupstudents HTTP/1.1" 200 381 "http://localhost:8080/group" "Mozilla/5.0 (Windows NT 10.0; Win64; x64) AppleWebKit/537.36 (KHTML, like Gecko) Chrome/85.0.4183.102 Safari/537.36"
::1 - - [15/Sep/2020:08:41:26 +0000] "GET /searchstudent?value=%D0%9F HTTP/1.1" 304 - "http://localhost:8080/group" "Mozilla/5.0 (Windows NT 10.0; Win64; x64) AppleWebKit/537.36 (KHTML, like Gecko) Chrome/85.0.4183.102 Safari/537.36"
::1 - - [15/Sep/2020:08:41:26 +0000] "GET /searchstudent?value=%D0%9F HTTP/1.1" 304 - "http://localhost:8080/group" "Mozilla/5.0 (Windows NT 10.0; Win64; x64) AppleWebKit/537.36 (KHTML, like Gecko) Chrome/85.0.4183.102 Safari/537.36"
::1 - - [15/Sep/2020:08:41:26 +0000] "GET /searchstudent?value=%D0%9F%D0%B0 HTTP/1.1" 304 - "http://localhost:8080/group" "Mozilla/5.0 (Windows NT 10.0; Win64; x64) AppleWebKit/537.36 (KHTML, like Gecko) Chrome/85.0.4183.102 Safari/537.36"
::1 - - [15/Sep/2020:08:41:26 +0000] "GET /searchstudent?value=%D0%9F%D0%B0%D0%BA HTTP/1.1" 304 - "http://localhost:8080/group" "Mozilla/5.0 (Windows NT 10.0; Win64; x64) AppleWebKit/537.36 (KHTML, like Gecko) Chrome/85.0.4183.102 Safari/537.36"
::1 - - [15/Sep/2020:08:41:28 +0000] "POST /student HTTP/1.1" 200 4 "http://localhost:8080/group" "Mozilla/5.0 (Windows NT 10.0; Win64; x64) AppleWebKit/537.36 (KHTML, like Gecko) Chrome/85.0.4183.102 Safari/537.36"
::1 - - [15/Sep/2020:08:41:29 +0000] "POST /addtogroup HTTP/1.1" 200 1382 "http://localhost:8080/group" "Mozilla/5.0 (Windows NT 10.0; Win64; x64) AppleWebKit/537.36 (KHTML, like Gecko) Chrome/85.0.4183.102 Safari/537.36"
::1 - - [15/Sep/2020:08:42:28 +0000] "POST /groupstudents HTTP/1.1" 200 381 "http://localhost:8080/group" "Mozilla/5.0 (Windows NT 10.0; Win64; x64) AppleWebKit/537.36 (KHTML, like Gecko) Chrome/85.0.4183.102 Safari/537.36"
::1 - - [15/Sep/2020:08:42:30 +0000] "GET /searchstudent?value=%D0%9F HTTP/1.1" 304 - "http://localhost:8080/group" "Mozilla/5.0 (Windows NT 10.0; Win64; x64) AppleWebKit/537.36 (KHTML, like Gecko) Chrome/85.0.4183.102 Safari/537.36"
::1 - - [15/Sep/2020:08:42:30 +0000] "GET /searchstudent?value=%D0%9F HTTP/1.1" 304 - "http://localhost:8080/group" "Mozilla/5.0 (Windows NT 10.0; Win64; x64) AppleWebKit/537.36 (KHTML, like Gecko) Chrome/85.0.4183.102 Safari/537.36"
::1 - - [15/Sep/2020:08:42:30 +0000] "GET /searchstudent?value=%D0%9F%D0%B0 HTTP/1.1" 304 - "http://localhost:8080/group" "Mozilla/5.0 (Windows NT 10.0; Win64; x64) AppleWebKit/537.36 (KHTML, like Gecko) Chrome/85.0.4183.102 Safari/537.36"
::1 - - [15/Sep/2020:08:42:30 +0000] "GET /searchstudent?value=%D0%9F%D0%B0%D0%BA HTTP/1.1" 304 - "http://localhost:8080/group" "Mozilla/5.0 (Windows NT 10.0; Win64; x64) AppleWebKit/537.36 (KHTML, like Gecko) Chrome/85.0.4183.102 Safari/537.36"
::1 - - [15/Sep/2020:08:42:31 +0000] "POST /student HTTP/1.1" 200 4 "http://localhost:8080/group" "Mozilla/5.0 (Windows NT 10.0; Win64; x64) AppleWebKit/537.36 (KHTML, like Gecko) Chrome/85.0.4183.102 Safari/537.36"
::1 - - [15/Sep/2020:08:42:32 +0000] "POST /addtogroup HTTP/1.1" 200 1382 "http://localhost:8080/group" "Mozilla/5.0 (Windows NT 10.0; Win64; x64) AppleWebKit/537.36 (KHTML, like Gecko) Chrome/85.0.4183.102 Safari/537.36"
::1 - - [15/Sep/2020:09:09:35 +0000] "POST /groupstudents HTTP/1.1" 200 381 "http://localhost:8080/group" "Mozilla/5.0 (Windows NT 10.0; Win64; x64) AppleWebKit/537.36 (KHTML, like Gecko) Chrome/85.0.4183.102 Safari/537.36"
::1 - - [15/Sep/2020:09:09:37 +0000] "GET /searchstudent?value=%D0%9F HTTP/1.1" 304 - "http://localhost:8080/group" "Mozilla/5.0 (Windows NT 10.0; Win64; x64) AppleWebKit/537.36 (KHTML, like Gecko) Chrome/85.0.4183.102 Safari/537.36"
::1 - - [15/Sep/2020:09:09:37 +0000] "GET /searchstudent?value=%D0%9F HTTP/1.1" 304 - "http://localhost:8080/group" "Mozilla/5.0 (Windows NT 10.0; Win64; x64) AppleWebKit/537.36 (KHTML, like Gecko) Chrome/85.0.4183.102 Safari/537.36"
::1 - - [15/Sep/2020:09:09:38 +0000] "GET /searchstudent?value=%D0%9F%D0%B0 HTTP/1.1" 304 - "http://localhost:8080/group" "Mozilla/5.0 (Windows NT 10.0; Win64; x64) AppleWebKit/537.36 (KHTML, like Gecko) Chrome/85.0.4183.102 Safari/537.36"
::1 - - [15/Sep/2020:09:09:40 +0000] "POST /student HTTP/1.1" 200 4 "http://localhost:8080/group" "Mozilla/5.0 (Windows NT 10.0; Win64; x64) AppleWebKit/537.36 (KHTML, like Gecko) Chrome/85.0.4183.102 Safari/537.36"
::1 - - [15/Sep/2020:09:09:40 +0000] "POST /addtogroup HTTP/1.1" 200 29 "http://localhost:8080/group" "Mozilla/5.0 (Windows NT 10.0; Win64; x64) AppleWebKit/537.36 (KHTML, like Gecko) Chrome/85.0.4183.102 Safari/537.36"
::1 - - [15/Sep/2020:09:09:54 +0000] "POST /groupstudents HTTP/1.1" 200 381 "http://localhost:8080/group" "Mozilla/5.0 (Windows NT 10.0; Win64; x64) AppleWebKit/537.36 (KHTML, like Gecko) Chrome/85.0.4183.102 Safari/537.36"
::1 - - [15/Sep/2020:09:09:56 +0000] "GET /searchstudent?value=%D0%9F HTTP/1.1" 304 - "http://localhost:8080/group" "Mozilla/5.0 (Windows NT 10.0; Win64; x64) AppleWebKit/537.36 (KHTML, like Gecko) Chrome/85.0.4183.102 Safari/537.36"
::1 - - [15/Sep/2020:09:09:56 +0000] "GET /searchstudent?value=%D0%9F HTTP/1.1" 304 - "http://localhost:8080/group" "Mozilla/5.0 (Windows NT 10.0; Win64; x64) AppleWebKit/537.36 (KHTML, like Gecko) Chrome/85.0.4183.102 Safari/537.36"
::1 - - [15/Sep/2020:09:09:56 +0000] "GET /searchstudent?value=%D0%9F%D0%B0 HTTP/1.1" 304 - "http://localhost:8080/group" "Mozilla/5.0 (Windows NT 10.0; Win64; x64) AppleWebKit/537.36 (KHTML, like Gecko) Chrome/85.0.4183.102 Safari/537.36"
::1 - - [15/Sep/2020:09:09:56 +0000] "GET /searchstudent?value=%D0%9F%D0%B0%D0%BA HTTP/1.1" 304 - "http://localhost:8080/group" "Mozilla/5.0 (Windows NT 10.0; Win64; x64) AppleWebKit/537.36 (KHTML, like Gecko) Chrome/85.0.4183.102 Safari/537.36"
::1 - - [15/Sep/2020:09:09:58 +0000] "POST /student HTTP/1.1" 200 4 "http://localhost:8080/group" "Mozilla/5.0 (Windows NT 10.0; Win64; x64) AppleWebKit/537.36 (KHTML, like Gecko) Chrome/85.0.4183.102 Safari/537.36"
::1 - - [15/Sep/2020:09:09:59 +0000] "POST /addtogroup HTTP/1.1" 200 1382 "http://localhost:8080/group" "Mozilla/5.0 (Windows NT 10.0; Win64; x64) AppleWebKit/537.36 (KHTML, like Gecko) Chrome/85.0.4183.102 Safari/537.36"
::1 - - [15/Sep/2020:09:17:13 +0000] "POST /groupstudents HTTP/1.1" 200 381 "http://localhost:8080/group" "Mozilla/5.0 (Windows NT 10.0; Win64; x64) AppleWebKit/537.36 (KHTML, like Gecko) Chrome/85.0.4183.102 Safari/537.36"
::1 - - [15/Sep/2020:09:17:14 +0000] "GET /searchstudent?value=%D0%9F HTTP/1.1" 304 - "http://localhost:8080/group" "Mozilla/5.0 (Windows NT 10.0; Win64; x64) AppleWebKit/537.36 (KHTML, like Gecko) Chrome/85.0.4183.102 Safari/537.36"
::1 - - [15/Sep/2020:09:17:14 +0000] "GET /searchstudent?value=%D0%9F HTTP/1.1" 304 - "http://localhost:8080/group" "Mozilla/5.0 (Windows NT 10.0; Win64; x64) AppleWebKit/537.36 (KHTML, like Gecko) Chrome/85.0.4183.102 Safari/537.36"
::1 - - [15/Sep/2020:09:17:14 +0000] "GET /searchstudent?value=%D0%9F%D0%B0 HTTP/1.1" 304 - "http://localhost:8080/group" "Mozilla/5.0 (Windows NT 10.0; Win64; x64) AppleWebKit/537.36 (KHTML, like Gecko) Chrome/85.0.4183.102 Safari/537.36"
::1 - - [15/Sep/2020:09:17:15 +0000] "GET /searchstudent?value=%D0%9F%D0%B0%D0%BA HTTP/1.1" 304 - "http://localhost:8080/group" "Mozilla/5.0 (Windows NT 10.0; Win64; x64) AppleWebKit/537.36 (KHTML, like Gecko) Chrome/85.0.4183.102 Safari/537.36"
::1 - - [15/Sep/2020:09:17:16 +0000] "POST /student HTTP/1.1" 200 4 "http://localhost:8080/group" "Mozilla/5.0 (Windows NT 10.0; Win64; x64) AppleWebKit/537.36 (KHTML, like Gecko) Chrome/85.0.4183.102 Safari/537.36"
::1 - - [15/Sep/2020:09:17:17 +0000] "POST /addtogroup HTTP/1.1" 200 1382 "http://localhost:8080/group" "Mozilla/5.0 (Windows NT 10.0; Win64; x64) AppleWebKit/537.36 (KHTML, like Gecko) Chrome/85.0.4183.102 Safari/537.36"
::1 - - [15/Sep/2020:09:19:50 +0000] "POST /groupstudents HTTP/1.1" 200 381 "http://localhost:8080/group" "Mozilla/5.0 (Windows NT 10.0; Win64; x64) AppleWebKit/537.36 (KHTML, like Gecko) Chrome/85.0.4183.102 Safari/537.36"
::1 - - [15/Sep/2020:09:19:51 +0000] "GET /searchstudent?value=%D0%9F HTTP/1.1" 304 - "http://localhost:8080/group" "Mozilla/5.0 (Windows NT 10.0; Win64; x64) AppleWebKit/537.36 (KHTML, like Gecko) Chrome/85.0.4183.102 Safari/537.36"
::1 - - [15/Sep/2020:09:19:51 +0000] "GET /searchstudent?value=%D0%9F HTTP/1.1" 304 - "http://localhost:8080/group" "Mozilla/5.0 (Windows NT 10.0; Win64; x64) AppleWebKit/537.36 (KHTML, like Gecko) Chrome/85.0.4183.102 Safari/537.36"
::1 - - [15/Sep/2020:09:19:51 +0000] "GET /searchstudent?value=%D0%9F%D0%B0 HTTP/1.1" 304 - "http://localhost:8080/group" "Mozilla/5.0 (Windows NT 10.0; Win64; x64) AppleWebKit/537.36 (KHTML, like Gecko) Chrome/85.0.4183.102 Safari/537.36"
::1 - - [15/Sep/2020:09:19:52 +0000] "GET /searchstudent?value=%D0%9F%D0%B0%D0%BA HTTP/1.1" 304 - "http://localhost:8080/group" "Mozilla/5.0 (Windows NT 10.0; Win64; x64) AppleWebKit/537.36 (KHTML, like Gecko) Chrome/85.0.4183.102 Safari/537.36"
::1 - - [15/Sep/2020:09:19:53 +0000] "POST /student HTTP/1.1" 200 4 "http://localhost:8080/group" "Mozilla/5.0 (Windows NT 10.0; Win64; x64) AppleWebKit/537.36 (KHTML, like Gecko) Chrome/85.0.4183.102 Safari/537.36"
::1 - - [15/Sep/2020:09:19:54 +0000] "POST /addtogroup HTTP/1.1" 200 1382 "http://localhost:8080/group" "Mozilla/5.0 (Windows NT 10.0; Win64; x64) AppleWebKit/537.36 (KHTML, like Gecko) Chrome/85.0.4183.102 Safari/537.36"
::1 - - [15/Sep/2020:09:22:47 +0000] "POST /groupstudents HTTP/1.1" 200 381 "http://localhost:8080/group" "Mozilla/5.0 (Windows NT 10.0; Win64; x64) AppleWebKit/537.36 (KHTML, like Gecko) Chrome/85.0.4183.102 Safari/537.36"
::1 - - [15/Sep/2020:09:22:49 +0000] "GET /searchstudent?value=%D0%9F HTTP/1.1" 304 - "http://localhost:8080/group" "Mozilla/5.0 (Windows NT 10.0; Win64; x64) AppleWebKit/537.36 (KHTML, like Gecko) Chrome/85.0.4183.102 Safari/537.36"
::1 - - [15/Sep/2020:09:22:49 +0000] "GET /searchstudent?value=%D0%9F HTTP/1.1" 304 - "http://localhost:8080/group" "Mozilla/5.0 (Windows NT 10.0; Win64; x64) AppleWebKit/537.36 (KHTML, like Gecko) Chrome/85.0.4183.102 Safari/537.36"
::1 - - [15/Sep/2020:09:22:50 +0000] "GET /searchstudent?value=%D0%9F%D0%B0 HTTP/1.1" 304 - "http://localhost:8080/group" "Mozilla/5.0 (Windows NT 10.0; Win64; x64) AppleWebKit/537.36 (KHTML, like Gecko) Chrome/85.0.4183.102 Safari/537.36"
::1 - - [15/Sep/2020:09:22:50 +0000] "GET /searchstudent?value=%D0%9F%D0%B0%D0%BA HTTP/1.1" 304 - "http://localhost:8080/group" "Mozilla/5.0 (Windows NT 10.0; Win64; x64) AppleWebKit/537.36 (KHTML, like Gecko) Chrome/85.0.4183.102 Safari/537.36"
::1 - - [15/Sep/2020:09:22:51 +0000] "POST /student HTTP/1.1" 200 4 "http://localhost:8080/group" "Mozilla/5.0 (Windows NT 10.0; Win64; x64) AppleWebKit/537.36 (KHTML, like Gecko) Chrome/85.0.4183.102 Safari/537.36"
::1 - - [15/Sep/2020:09:22:52 +0000] "POST /addtogroup HTTP/1.1" 200 1382 "http://localhost:8080/group" "Mozilla/5.0 (Windows NT 10.0; Win64; x64) AppleWebKit/537.36 (KHTML, like Gecko) Chrome/85.0.4183.102 Safari/537.36"
::1 - - [15/Sep/2020:09:23:11 +0000] "POST /groupstudents HTTP/1.1" 200 381 "http://localhost:8080/group" "Mozilla/5.0 (Windows NT 10.0; Win64; x64) AppleWebKit/537.36 (KHTML, like Gecko) Chrome/85.0.4183.102 Safari/537.36"
::ffff:127.0.0.1 - - [15/Sep/2020:09:23:12 +0000] "GET /searchstudent?value=%D0%9F HTTP/1.1" 304 - "http://localhost:8080/group" "Mozilla/5.0 (Windows NT 10.0; Win64; x64) AppleWebKit/537.36 (KHTML, like Gecko) Chrome/85.0.4183.102 Safari/537.36"
::ffff:127.0.0.1 - - [15/Sep/2020:09:23:12 +0000] "GET /searchstudent?value=%D0%9F HTTP/1.1" 304 - "http://localhost:8080/group" "Mozilla/5.0 (Windows NT 10.0; Win64; x64) AppleWebKit/537.36 (KHTML, like Gecko) Chrome/85.0.4183.102 Safari/537.36"
::ffff:127.0.0.1 - - [15/Sep/2020:09:23:13 +0000] "GET /searchstudent?value=%D0%9F%D0%B0 HTTP/1.1" 304 - "http://localhost:8080/group" "Mozilla/5.0 (Windows NT 10.0; Win64; x64) AppleWebKit/537.36 (KHTML, like Gecko) Chrome/85.0.4183.102 Safari/537.36"
::ffff:127.0.0.1 - - [15/Sep/2020:09:23:13 +0000] "GET /searchstudent?value=%D0%9F%D0%B0%D0%BA HTTP/1.1" 304 - "http://localhost:8080/group" "Mozilla/5.0 (Windows NT 10.0; Win64; x64) AppleWebKit/537.36 (KHTML, like Gecko) Chrome/85.0.4183.102 Safari/537.36"
::ffff:127.0.0.1 - - [15/Sep/2020:09:23:15 +0000] "POST /student HTTP/1.1" 200 4 "http://localhost:8080/group" "Mozilla/5.0 (Windows NT 10.0; Win64; x64) AppleWebKit/537.36 (KHTML, like Gecko) Chrome/85.0.4183.102 Safari/537.36"
::ffff:127.0.0.1 - - [15/Sep/2020:09:23:16 +0000] "POST /addtogroup HTTP/1.1" 200 1382 "http://localhost:8080/group" "Mozilla/5.0 (Windows NT 10.0; Win64; x64) AppleWebKit/537.36 (KHTML, like Gecko) Chrome/85.0.4183.102 Safari/537.36"
::1 - - [15/Sep/2020:09:24:35 +0000] "POST /groupstudents HTTP/1.1" 200 381 "http://localhost:8080/group" "Mozilla/5.0 (Windows NT 10.0; Win64; x64) AppleWebKit/537.36 (KHTML, like Gecko) Chrome/85.0.4183.102 Safari/537.36"
::1 - - [15/Sep/2020:09:24:36 +0000] "GET /searchstudent?value=G HTTP/1.1" 304 - "http://localhost:8080/group" "Mozilla/5.0 (Windows NT 10.0; Win64; x64) AppleWebKit/537.36 (KHTML, like Gecko) Chrome/85.0.4183.102 Safari/537.36"
::1 - - [15/Sep/2020:09:24:36 +0000] "GET /searchstudent?value=G HTTP/1.1" 304 - "http://localhost:8080/group" "Mozilla/5.0 (Windows NT 10.0; Win64; x64) AppleWebKit/537.36 (KHTML, like Gecko) Chrome/85.0.4183.102 Safari/537.36"
::1 - - [15/Sep/2020:09:24:37 +0000] "GET /searchstudent?value=Gf HTTP/1.1" 304 - "http://localhost:8080/group" "Mozilla/5.0 (Windows NT 10.0; Win64; x64) AppleWebKit/537.36 (KHTML, like Gecko) Chrome/85.0.4183.102 Safari/537.36"
::1 - - [15/Sep/2020:09:24:37 +0000] "GET /searchstudent?value=G HTTP/1.1" 304 - "http://localhost:8080/group" "Mozilla/5.0 (Windows NT 10.0; Win64; x64) AppleWebKit/537.36 (KHTML, like Gecko) Chrome/85.0.4183.102 Safari/537.36"
::1 - - [15/Sep/2020:09:24:37 +0000] "GET /searchstudent?value= HTTP/1.1" 304 - "http://localhost:8080/group" "Mozilla/5.0 (Windows NT 10.0; Win64; x64) AppleWebKit/537.36 (KHTML, like Gecko) Chrome/85.0.4183.102 Safari/537.36"
::1 - - [15/Sep/2020:09:24:37 +0000] "GET /searchstudent?value=G HTTP/1.1" 304 - "http://localhost:8080/group" "Mozilla/5.0 (Windows NT 10.0; Win64; x64) AppleWebKit/537.36 (KHTML, like Gecko) Chrome/85.0.4183.102 Safari/537.36"
::1 - - [15/Sep/2020:09:24:38 +0000] "GET /searchstudent?value=Gf HTTP/1.1" 304 - "http://localhost:8080/group" "Mozilla/5.0 (Windows NT 10.0; Win64; x64) AppleWebKit/537.36 (KHTML, like Gecko) Chrome/85.0.4183.102 Safari/537.36"
::1 - - [15/Sep/2020:09:24:38 +0000] "GET /searchstudent?value=Gfr HTTP/1.1" 200 2 "http://localhost:8080/group" "Mozilla/5.0 (Windows NT 10.0; Win64; x64) AppleWebKit/537.36 (KHTML, like Gecko) Chrome/85.0.4183.102 Safari/537.36"
::1 - - [15/Sep/2020:09:24:38 +0000] "GET /searchstudent?value=Gf HTTP/1.1" 304 - "http://localhost:8080/group" "Mozilla/5.0 (Windows NT 10.0; Win64; x64) AppleWebKit/537.36 (KHTML, like Gecko) Chrome/85.0.4183.102 Safari/537.36"
::1 - - [15/Sep/2020:09:24:38 +0000] "GET /searchstudent?value=G HTTP/1.1" 304 - "http://localhost:8080/group" "Mozilla/5.0 (Windows NT 10.0; Win64; x64) AppleWebKit/537.36 (KHTML, like Gecko) Chrome/85.0.4183.102 Safari/537.36"
::1 - - [15/Sep/2020:09:24:38 +0000] "GET /searchstudent?value= HTTP/1.1" 304 - "http://localhost:8080/group" "Mozilla/5.0 (Windows NT 10.0; Win64; x64) AppleWebKit/537.36 (KHTML, like Gecko) Chrome/85.0.4183.102 Safari/537.36"
::1 - - [15/Sep/2020:09:24:39 +0000] "GET /searchstudent?value=%D0%9F HTTP/1.1" 304 - "http://localhost:8080/group" "Mozilla/5.0 (Windows NT 10.0; Win64; x64) AppleWebKit/537.36 (KHTML, like Gecko) Chrome/85.0.4183.102 Safari/537.36"
::1 - - [15/Sep/2020:09:24:39 +0000] "GET /searchstudent?value=%D0%9F%D0%B0 HTTP/1.1" 304 - "http://localhost:8080/group" "Mozilla/5.0 (Windows NT 10.0; Win64; x64) AppleWebKit/537.36 (KHTML, like Gecko) Chrome/85.0.4183.102 Safari/537.36"
::1 - - [15/Sep/2020:09:24:39 +0000] "GET /searchstudent?value=%D0%9F%D0%B0%D0%BA HTTP/1.1" 304 - "http://localhost:8080/group" "Mozilla/5.0 (Windows NT 10.0; Win64; x64) AppleWebKit/537.36 (KHTML, like Gecko) Chrome/85.0.4183.102 Safari/537.36"
::1 - - [15/Sep/2020:09:24:41 +0000] "POST /student HTTP/1.1" 200 4 "http://localhost:8080/group" "Mozilla/5.0 (Windows NT 10.0; Win64; x64) AppleWebKit/537.36 (KHTML, like Gecko) Chrome/85.0.4183.102 Safari/537.36"
::1 - - [15/Sep/2020:09:24:41 +0000] "POST /addtogroup HTTP/1.1" 200 1382 "http://localhost:8080/group" "Mozilla/5.0 (Windows NT 10.0; Win64; x64) AppleWebKit/537.36 (KHTML, like Gecko) Chrome/85.0.4183.102 Safari/537.36"
::1 - - [15/Sep/2020:10:01:52 +0000] "POST /groupstudents HTTP/1.1" 200 381 "http://localhost:8080/group" "Mozilla/5.0 (Windows NT 10.0; Win64; x64) AppleWebKit/537.36 (KHTML, like Gecko) Chrome/85.0.4183.102 Safari/537.36"
::1 - - [15/Sep/2020:10:02:12 +0000] "POST /groupstudents HTTP/1.1" 200 381 "http://localhost:8080/group" "Mozilla/5.0 (Windows NT 10.0; Win64; x64) AppleWebKit/537.36 (KHTML, like Gecko) Chrome/85.0.4183.102 Safari/537.36"
::1 - - [15/Sep/2020:10:12:11 +0000] "POST /groupstudents HTTP/1.1" 200 381 "http://localhost:8080/group" "Mozilla/5.0 (Windows NT 10.0; Win64; x64) AppleWebKit/537.36 (KHTML, like Gecko) Chrome/85.0.4183.102 Safari/537.36"
::1 - - [15/Sep/2020:10:23:22 +0000] "POST /teacher HTTP/1.1" 200 387 "http://localhost:8080/teacher/4288" "Mozilla/5.0 (Windows NT 10.0; Win64; x64) AppleWebKit/537.36 (KHTML, like Gecko) Chrome/85.0.4183.102 Safari/537.36"
::1 - - [15/Sep/2020:10:23:28 +0000] "POST /groups HTTP/1.1" 200 187 "http://localhost:8080/teacher/4288" "Mozilla/5.0 (Windows NT 10.0; Win64; x64) AppleWebKit/537.36 (KHTML, like Gecko) Chrome/85.0.4183.102 Safari/537.36"
::1 - - [15/Sep/2020:10:23:29 +0000] "POST /groupstudents HTTP/1.1" 200 381 "http://localhost:8080/group" "Mozilla/5.0 (Windows NT 10.0; Win64; x64) AppleWebKit/537.36 (KHTML, like Gecko) Chrome/85.0.4183.102 Safari/537.36"
::1 - - [15/Sep/2020:10:23:49 +0000] "POST /registeramount HTTP/1.1" 200 4 "http://localhost:8080/group" "Mozilla/5.0 (Windows NT 10.0; Win64; x64) AppleWebKit/537.36 (KHTML, like Gecko) Chrome/85.0.4183.102 Safari/537.36"
::1 - - [15/Sep/2020:10:23:50 +0000] "POST /setpasses HTTP/1.1" 200 32 "http://localhost:8080/group" "Mozilla/5.0 (Windows NT 10.0; Win64; x64) AppleWebKit/537.36 (KHTML, like Gecko) Chrome/85.0.4183.102 Safari/537.36"
::1 - - [15/Sep/2020:10:23:50 +0000] "POST /setattendence HTTP/1.1" 200 15 "http://localhost:8080/group" "Mozilla/5.0 (Windows NT 10.0; Win64; x64) AppleWebKit/537.36 (KHTML, like Gecko) Chrome/85.0.4183.102 Safari/537.36"
::1 - - [15/Sep/2020:10:23:51 +0000] "GET /getregister?teacherId=4288&dateFrom=2020-09-15&dateTo=2020-09-15 HTTP/1.1" 200 2 "http://localhost:8080/journal" "Mozilla/5.0 (Windows NT 10.0; Win64; x64) AppleWebKit/537.36 (KHTML, like Gecko) Chrome/85.0.4183.102 Safari/537.36"
::1 - - [15/Sep/2020:10:23:56 +0000] "GET /getregister?teacherId=4288&dateFrom=2020-09-14&dateTo=2020-09-15 HTTP/1.1" 200 303 "http://localhost:8080/journal" "Mozilla/5.0 (Windows NT 10.0; Win64; x64) AppleWebKit/537.36 (KHTML, like Gecko) Chrome/85.0.4183.102 Safari/537.36"
::1 - - [15/Sep/2020:10:23:59 +0000] "GET /getregisterdetails?registerId=19&dateFrom=2020-09-15&dateTo=2020-09-15 HTTP/1.1" 200 501 "http://localhost:8080/journal" "Mozilla/5.0 (Windows NT 10.0; Win64; x64) AppleWebKit/537.36 (KHTML, like Gecko) Chrome/85.0.4183.102 Safari/537.36"
::1 - - [15/Sep/2020:10:24:24 +0000] "POST /teacher HTTP/1.1" 200 387 "http://localhost:8080/teacher/4288" "Mozilla/5.0 (Windows NT 10.0; Win64; x64) AppleWebKit/537.36 (KHTML, like Gecko) Chrome/85.0.4183.102 Safari/537.36"
::1 - - [15/Sep/2020:10:24:26 +0000] "POST /groups HTTP/1.1" 200 187 "http://localhost:8080/teacher/4288" "Mozilla/5.0 (Windows NT 10.0; Win64; x64) AppleWebKit/537.36 (KHTML, like Gecko) Chrome/85.0.4183.102 Safari/537.36"
::1 - - [15/Sep/2020:10:24:27 +0000] "POST /groupstudents HTTP/1.1" 200 381 "http://localhost:8080/group" "Mozilla/5.0 (Windows NT 10.0; Win64; x64) AppleWebKit/537.36 (KHTML, like Gecko) Chrome/85.0.4183.102 Safari/537.36"
::1 - - [15/Sep/2020:10:32:12 +0000] "POST /addregister HTTP/1.1" 200 15 "http://localhost:8080/group" "Mozilla/5.0 (Windows NT 10.0; Win64; x64) AppleWebKit/537.36 (KHTML, like Gecko) Chrome/85.0.4183.102 Safari/537.36"
::1 - - [15/Sep/2020:10:32:16 +0000] "POST /groupstudents HTTP/1.1" 200 381 "http://localhost:8080/group" "Mozilla/5.0 (Linux; Android 6.0; Nexus 5 Build/MRA58N) AppleWebKit/537.36 (KHTML, like Gecko) Chrome/85.0.4183.102 Mobile Safari/537.36"
::1 - - [15/Sep/2020:10:32:18 +0000] "POST /teacher HTTP/1.1" 200 387 "http://localhost:8080/teacher/4288" "Mozilla/5.0 (Linux; Android 6.0; Nexus 5 Build/MRA58N) AppleWebKit/537.36 (KHTML, like Gecko) Chrome/85.0.4183.102 Mobile Safari/537.36"
::ffff:127.0.0.1 - - [15/Sep/2020:10:32:25 +0000] "POST /groups HTTP/1.1" 200 187 "http://localhost:8080/teacher/4288" "Mozilla/5.0 (Linux; Android 6.0; Nexus 5 Build/MRA58N) AppleWebKit/537.36 (KHTML, like Gecko) Chrome/85.0.4183.102 Mobile Safari/537.36"
::ffff:127.0.0.1 - - [15/Sep/2020:10:32:26 +0000] "POST /groupstudents HTTP/1.1" 200 381 "http://localhost:8080/group" "Mozilla/5.0 (Linux; Android 6.0; Nexus 5 Build/MRA58N) AppleWebKit/537.36 (KHTML, like Gecko) Chrome/85.0.4183.102 Mobile Safari/537.36"
::1 - - [15/Sep/2020:10:32:41 +0000] "POST /registeramount HTTP/1.1" 200 4 "http://localhost:8080/group" "Mozilla/5.0 (Linux; Android 6.0; Nexus 5 Build/MRA58N) AppleWebKit/537.36 (KHTML, like Gecko) Chrome/85.0.4183.102 Mobile Safari/537.36"
::1 - - [15/Sep/2020:10:32:42 +0000] "POST /setpasses HTTP/1.1" 200 32 "http://localhost:8080/group" "Mozilla/5.0 (Linux; Android 6.0; Nexus 5 Build/MRA58N) AppleWebKit/537.36 (KHTML, like Gecko) Chrome/85.0.4183.102 Mobile Safari/537.36"
::1 - - [15/Sep/2020:10:32:42 +0000] "POST /setattendence HTTP/1.1" 200 15 "http://localhost:8080/group" "Mozilla/5.0 (Linux; Android 6.0; Nexus 5 Build/MRA58N) AppleWebKit/537.36 (KHTML, like Gecko) Chrome/85.0.4183.102 Mobile Safari/537.36"
::1 - - [15/Sep/2020:10:32:42 +0000] "POST /addregister HTTP/1.1" 200 15 "http://localhost:8080/group" "Mozilla/5.0 (Linux; Android 6.0; Nexus 5 Build/MRA58N) AppleWebKit/537.36 (KHTML, like Gecko) Chrome/85.0.4183.102 Mobile Safari/537.36"
::1 - - [15/Sep/2020:10:32:46 +0000] "GET /getregister?teacherId=4288&dateFrom=2020-09-15&dateTo=2020-09-15 HTTP/1.1" 304 - "http://localhost:8080/journal" "Mozilla/5.0 (Linux; Android 6.0; Nexus 5 Build/MRA58N) AppleWebKit/537.36 (KHTML, like Gecko) Chrome/85.0.4183.102 Mobile Safari/537.36"
::1 - - [15/Sep/2020:10:32:50 +0000] "GET /getregister?teacherId=4288&dateFrom=2020-09-07&dateTo=2020-09-15 HTTP/1.1" 200 907 "http://localhost:8080/journal" "Mozilla/5.0 (Linux; Android 6.0; Nexus 5 Build/MRA58N) AppleWebKit/537.36 (KHTML, like Gecko) Chrome/85.0.4183.102 Mobile Safari/537.36"
::1 - - [15/Sep/2020:10:32:56 +0000] "GET /getregisterdetails?registerId=21&dateFrom=2020-09-15&dateTo=2020-09-15 HTTP/1.1" 200 952 "http://localhost:8080/journal" "Mozilla/5.0 (Linux; Android 6.0; Nexus 5 Build/MRA58N) AppleWebKit/537.36 (KHTML, like Gecko) Chrome/85.0.4183.102 Mobile Safari/537.36"
::1 - - [15/Sep/2020:10:35:38 +0000] "POST /login HTTP/1.1" 200 349 "http://localhost:8080/" "Mozilla/5.0 (Windows NT 10.0; Win64; x64) AppleWebKit/537.36 (KHTML, like Gecko) Chrome/85.0.4183.102 Safari/537.36"
::1 - - [15/Sep/2020:10:35:38 +0000] "POST /teacher HTTP/1.1" 200 465 "http://localhost:8080/teacher/5425" "Mozilla/5.0 (Windows NT 10.0; Win64; x64) AppleWebKit/537.36 (KHTML, like Gecko) Chrome/85.0.4183.102 Safari/537.36"
::1 - - [15/Sep/2020:10:36:51 +0000] "POST /groups HTTP/1.1" 200 155 "http://localhost:8080/teacher/5425" "Mozilla/5.0 (Windows NT 10.0; Win64; x64) AppleWebKit/537.36 (KHTML, like Gecko) Chrome/85.0.4183.102 Safari/537.36"
::1 - - [15/Sep/2020:10:36:52 +0000] "POST /groupstudents HTTP/1.1" 200 1072 "http://localhost:8080/group" "Mozilla/5.0 (Windows NT 10.0; Win64; x64) AppleWebKit/537.36 (KHTML, like Gecko) Chrome/85.0.4183.102 Safari/537.36"
::1 - - [15/Sep/2020:10:36:59 +0000] "GET /searchstudent?value=%D0%95 HTTP/1.1" 304 - "http://localhost:8080/group" "Mozilla/5.0 (Windows NT 10.0; Win64; x64) AppleWebKit/537.36 (KHTML, like Gecko) Chrome/85.0.4183.102 Safari/537.36"
::1 - - [15/Sep/2020:10:36:59 +0000] "GET /searchstudent?value=%D0%95 HTTP/1.1" 304 - "http://localhost:8080/group" "Mozilla/5.0 (Windows NT 10.0; Win64; x64) AppleWebKit/537.36 (KHTML, like Gecko) Chrome/85.0.4183.102 Safari/537.36"
::1 - - [15/Sep/2020:10:36:59 +0000] "GET /searchstudent?value= HTTP/1.1" 304 - "http://localhost:8080/group" "Mozilla/5.0 (Windows NT 10.0; Win64; x64) AppleWebKit/537.36 (KHTML, like Gecko) Chrome/85.0.4183.102 Safari/537.36"
::1 - - [15/Sep/2020:10:37:00 +0000] "GET /searchstudent?value=T HTTP/1.1" 304 - "http://localhost:8080/group" "Mozilla/5.0 (Windows NT 10.0; Win64; x64) AppleWebKit/537.36 (KHTML, like Gecko) Chrome/85.0.4183.102 Safari/537.36"
::1 - - [15/Sep/2020:10:37:00 +0000] "GET /searchstudent?value=Te HTTP/1.1" 304 - "http://localhost:8080/group" "Mozilla/5.0 (Windows NT 10.0; Win64; x64) AppleWebKit/537.36 (KHTML, like Gecko) Chrome/85.0.4183.102 Safari/537.36"
::1 - - [15/Sep/2020:10:37:00 +0000] "GET /searchstudent?value=Tes HTTP/1.1" 304 - "http://localhost:8080/group" "Mozilla/5.0 (Windows NT 10.0; Win64; x64) AppleWebKit/537.36 (KHTML, like Gecko) Chrome/85.0.4183.102 Safari/537.36"
::1 - - [15/Sep/2020:10:37:00 +0000] "GET /searchstudent?value=Test HTTP/1.1" 304 - "http://localhost:8080/group" "Mozilla/5.0 (Windows NT 10.0; Win64; x64) AppleWebKit/537.36 (KHTML, like Gecko) Chrome/85.0.4183.102 Safari/537.36"
::1 - - [15/Sep/2020:10:37:02 +0000] "POST /student HTTP/1.1" 200 5 "http://localhost:8080/group" "Mozilla/5.0 (Windows NT 10.0; Win64; x64) AppleWebKit/537.36 (KHTML, like Gecko) Chrome/85.0.4183.102 Safari/537.36"
::1 - - [15/Sep/2020:10:37:03 +0000] "POST /addtogroup HTTP/1.1" 200 29 "http://localhost:8080/group" "Mozilla/5.0 (Windows NT 10.0; Win64; x64) AppleWebKit/537.36 (KHTML, like Gecko) Chrome/85.0.4183.102 Safari/537.36"
::1 - - [15/Sep/2020:10:37:27 +0000] "POST /groups HTTP/1.1" - - "http://localhost:8080/teacher/5425" "Mozilla/5.0 (Windows NT 10.0; Win64; x64) AppleWebKit/537.36 (KHTML, like Gecko) Chrome/85.0.4183.102 Safari/537.36"
::1 - - [15/Sep/2020:10:37:27 +0000] "POST /groups HTTP/1.1" - - "http://localhost:8080/teacher/5425" "Mozilla/5.0 (Windows NT 10.0; Win64; x64) AppleWebKit/537.36 (KHTML, like Gecko) Chrome/85.0.4183.102 Safari/537.36"
::1 - - [15/Sep/2020:10:38:15 +0000] "POST /teacher HTTP/1.1" 200 465 "http://localhost:8080/teacher/5425" "Mozilla/5.0 (Windows NT 10.0; Win64; x64) AppleWebKit/537.36 (KHTML, like Gecko) Chrome/85.0.4183.102 Safari/537.36"
::1 - - [15/Sep/2020:10:38:19 +0000] "POST /groups HTTP/1.1" 200 155 "http://localhost:8080/teacher/5425" "Mozilla/5.0 (Windows NT 10.0; Win64; x64) AppleWebKit/537.36 (KHTML, like Gecko) Chrome/85.0.4183.102 Safari/537.36"
::1 - - [15/Sep/2020:10:38:21 +0000] "POST /groupstudents HTTP/1.1" 200 1072 "http://localhost:8080/group" "Mozilla/5.0 (Windows NT 10.0; Win64; x64) AppleWebKit/537.36 (KHTML, like Gecko) Chrome/85.0.4183.102 Safari/537.36"
::1 - - [15/Sep/2020:10:40:17 +0000] "POST /login HTTP/1.1" 200 349 "http://localhost:8080/" "Mozilla/5.0 (Linux; Android 6.0; Nexus 5 Build/MRA58N) AppleWebKit/537.36 (KHTML, like Gecko) Chrome/85.0.4183.102 Mobile Safari/537.36"
::1 - - [15/Sep/2020:10:40:17 +0000] "POST /teacher HTTP/1.1" 200 387 "http://localhost:8080/teacher/4288" "Mozilla/5.0 (Linux; Android 6.0; Nexus 5 Build/MRA58N) AppleWebKit/537.36 (KHTML, like Gecko) Chrome/85.0.4183.102 Mobile Safari/537.36"
::1 - - [15/Sep/2020:10:40:44 +0000] "POST /groups HTTP/1.1" 200 187 "http://localhost:8080/teacher/4288" "Mozilla/5.0 (iPhone; CPU iPhone OS 13_2_3 like Mac OS X) AppleWebKit/605.1.15 (KHTML, like Gecko) Version/13.0.3 Mobile/15E148 Safari/604.1"
::1 - - [15/Sep/2020:10:40:44 +0000] "POST /groupstudents HTTP/1.1" 200 473 "http://localhost:8080/group" "Mozilla/5.0 (iPhone; CPU iPhone OS 13_2_3 like Mac OS X) AppleWebKit/605.1.15 (KHTML, like Gecko) Version/13.0.3 Mobile/15E148 Safari/604.1"
::1 - - [15/Sep/2020:11:06:50 +0000] "POST /groupstudents HTTP/1.1" 200 473 "http://localhost:8080/group" "Mozilla/5.0 (Windows NT 10.0; Win64; x64) AppleWebKit/537.36 (KHTML, like Gecko) Chrome/85.0.4183.102 Safari/537.36"
::1 - - [15/Sep/2020:11:14:22 +0000] "POST /teacher HTTP/1.1" 200 387 "http://localhost:8080/teacher/4288" "Mozilla/5.0 (Windows NT 10.0; Win64; x64) AppleWebKit/537.36 (KHTML, like Gecko) Chrome/85.0.4183.102 Safari/537.36"
::1 - - [15/Sep/2020:11:14:27 +0000] "POST /groups HTTP/1.1" 200 187 "http://localhost:8080/teacher/4288" "Mozilla/5.0 (Windows NT 10.0; Win64; x64) AppleWebKit/537.36 (KHTML, like Gecko) Chrome/85.0.4183.102 Safari/537.36"
::1 - - [15/Sep/2020:11:14:28 +0000] "POST /groupstudents HTTP/1.1" 200 381 "http://localhost:8080/group" "Mozilla/5.0 (Windows NT 10.0; Win64; x64) AppleWebKit/537.36 (KHTML, like Gecko) Chrome/85.0.4183.102 Safari/537.36"
::1 - - [15/Sep/2020:11:14:35 +0000] "POST /groupstudents HTTP/1.1" 200 381 "http://localhost:8080/group" "Mozilla/5.0 (Windows NT 10.0; Win64; x64) AppleWebKit/537.36 (KHTML, like Gecko) Chrome/85.0.4183.102 Safari/537.36"
::1 - - [15/Sep/2020:11:15:18 +0000] "POST /groupstudents HTTP/1.1" 200 381 "http://localhost:8080/group" "Mozilla/5.0 (iPhone; CPU iPhone OS 13_2_3 like Mac OS X) AppleWebKit/605.1.15 (KHTML, like Gecko) Version/13.0.3 Mobile/15E148 Safari/604.1"
::1 - - [15/Sep/2020:11:15:33 +0000] "POST /groupstudents HTTP/1.1" 200 381 "http://localhost:8080/group" "Mozilla/5.0 (iPhone; CPU iPhone OS 13_2_3 like Mac OS X) AppleWebKit/605.1.15 (KHTML, like Gecko) Version/13.0.3 Mobile/15E148 Safari/604.1"
::1 - - [15/Sep/2020:11:16:55 +0000] "POST /groupstudents HTTP/1.1" 200 381 "http://localhost:8080/group" "Mozilla/5.0 (iPhone; CPU iPhone OS 13_2_3 like Mac OS X) AppleWebKit/605.1.15 (KHTML, like Gecko) Version/13.0.3 Mobile/15E148 Safari/604.1"
::1 - - [15/Sep/2020:11:17:34 +0000] "POST /groupstudents HTTP/1.1" 200 381 "http://localhost:8080/group" "Mozilla/5.0 (iPhone; CPU iPhone OS 13_2_3 like Mac OS X) AppleWebKit/605.1.15 (KHTML, like Gecko) Version/13.0.3 Mobile/15E148 Safari/604.1"
::1 - - [15/Sep/2020:11:19:15 +0000] "POST /groupstudents HTTP/1.1" 200 381 "http://localhost:8080/group" "Mozilla/5.0 (iPhone; CPU iPhone OS 13_2_3 like Mac OS X) AppleWebKit/605.1.15 (KHTML, like Gecko) Version/13.0.3 Mobile/15E148 Safari/604.1"
::1 - - [15/Sep/2020:11:27:58 +0000] "POST /login HTTP/1.1" 200 349 "http://localhost:8080/" "Mozilla/5.0 (iPhone; CPU iPhone OS 13_2_3 like Mac OS X) AppleWebKit/605.1.15 (KHTML, like Gecko) Version/13.0.3 Mobile/15E148 Safari/604.1"
::1 - - [15/Sep/2020:11:27:58 +0000] "POST /teacher HTTP/1.1" 200 387 "http://localhost:8080/teacher/4288" "Mozilla/5.0 (iPhone; CPU iPhone OS 13_2_3 like Mac OS X) AppleWebKit/605.1.15 (KHTML, like Gecko) Version/13.0.3 Mobile/15E148 Safari/604.1"
::1 - - [15/Sep/2020:11:28:04 +0000] "POST /groups HTTP/1.1" 200 187 "http://localhost:8080/teacher/4288" "Mozilla/5.0 (iPhone; CPU iPhone OS 13_2_3 like Mac OS X) AppleWebKit/605.1.15 (KHTML, like Gecko) Version/13.0.3 Mobile/15E148 Safari/604.1"
::1 - - [15/Sep/2020:11:28:04 +0000] "POST /groups HTTP/1.1" 200 187 "http://localhost:8080/teacher/4288" "Mozilla/5.0 (iPhone; CPU iPhone OS 13_2_3 like Mac OS X) AppleWebKit/605.1.15 (KHTML, like Gecko) Version/13.0.3 Mobile/15E148 Safari/604.1"
::1 - - [15/Sep/2020:11:28:05 +0000] "POST /groupstudents HTTP/1.1" 200 381 "http://localhost:8080/group" "Mozilla/5.0 (iPhone; CPU iPhone OS 13_2_3 like Mac OS X) AppleWebKit/605.1.15 (KHTML, like Gecko) Version/13.0.3 Mobile/15E148 Safari/604.1"
